[0.697s] Invoking command in '/home/motoki/ros2_ws/src/mypkg': PYTHONPATH=/home/motoki/ros2_ws/build/mypkg/prefix_override:/home/motoki/ros2_ws/install/mypkg/lib/python3.10/site-packages:${PYTHONPATH} /usr/bin/python3 setup.py egg_info --egg-base ../../build/mypkg build --build-base /home/motoki/ros2_ws/build/mypkg/build install --record /home/motoki/ros2_ws/build/mypkg/install.log --single-version-externally-managed
[0.996s] running egg_info
[0.997s] writing ../../build/mypkg/mypkg.egg-info/PKG-INFO
[0.997s] writing dependency_links to ../../build/mypkg/mypkg.egg-info/dependency_links.txt
[0.998s] writing entry points to ../../build/mypkg/mypkg.egg-info/entry_points.txt
[0.998s] writing requirements to ../../build/mypkg/mypkg.egg-info/requires.txt
[0.998s] writing top-level names to ../../build/mypkg/mypkg.egg-info/top_level.txt
[1.002s] reading manifest file '../../build/mypkg/mypkg.egg-info/SOURCES.txt'
[1.003s] writing manifest file '../../build/mypkg/mypkg.egg-info/SOURCES.txt'
[1.003s] running build
[1.003s] running build_py
[1.004s] copying mypkg/listener.py -> /home/motoki/ros2_ws/build/mypkg/build/lib/mypkg
[1.004s] copying mypkg/__init__.py -> /home/motoki/ros2_ws/build/mypkg/build/lib/mypkg
[1.004s] copying mypkg/talker.py -> /home/motoki/ros2_ws/build/mypkg/build/lib/mypkg
[1.004s] running install
[1.005s] /usr/lib/python3/dist-packages/setuptools/command/install.py:34: SetuptoolsDeprecationWarning: setup.py install is deprecated. Use build and pip and other standards-based tools.
[1.005s]   warnings.warn(
[1.005s] running install_lib
[1.006s] copying /home/motoki/ros2_ws/build/mypkg/build/lib/mypkg/listener.py -> /home/motoki/ros2_ws/install/mypkg/lib/python3.10/site-packages/mypkg
[1.007s] copying /home/motoki/ros2_ws/build/mypkg/build/lib/mypkg/__init__.py -> /home/motoki/ros2_ws/install/mypkg/lib/python3.10/site-packages/mypkg
[1.007s] copying /home/motoki/ros2_ws/build/mypkg/build/lib/mypkg/talker.py -> /home/motoki/ros2_ws/install/mypkg/lib/python3.10/site-packages/mypkg
[1.008s] byte-compiling /home/motoki/ros2_ws/install/mypkg/lib/python3.10/site-packages/mypkg/talker.py to talker.cpython-310.pyc
[1.008s] running install_data
[1.009s] copying resource/mypkg -> /home/motoki/ros2_ws/install/mypkg/share/ament_index/resource_index/packages
[1.009s] copying package.xml -> /home/motoki/ros2_ws/install/mypkg/share/mypkg
[1.009s] copying launch/talk_listen.launch.py -> /home/motoki/ros2_ws/install/mypkg/share/mypkg
[1.009s] running install_egg_info
[1.012s] removing '/home/motoki/ros2_ws/install/mypkg/lib/python3.10/site-packages/mypkg-0.0.0-py3.10.egg-info' (and everything under it)
[1.012s] Copying ../../build/mypkg/mypkg.egg-info to /home/motoki/ros2_ws/install/mypkg/lib/python3.10/site-packages/mypkg-0.0.0-py3.10.egg-info
[1.014s] running install_scripts
[1.042s] Installing listener script to /home/motoki/ros2_ws/install/mypkg/lib/mypkg
[1.042s] Installing talker script to /home/motoki/ros2_ws/install/mypkg/lib/mypkg
[1.043s] writing list of installed files to '/home/motoki/ros2_ws/build/mypkg/install.log'
[1.080s] Invoked command in '/home/motoki/ros2_ws/src/mypkg' returned '0': PYTHONPATH=/home/motoki/ros2_ws/build/mypkg/prefix_override:/home/motoki/ros2_ws/install/mypkg/lib/python3.10/site-packages:${PYTHONPATH} /usr/bin/python3 setup.py egg_info --egg-base ../../build/mypkg build --build-base /home/motoki/ros2_ws/build/mypkg/build install --record /home/motoki/ros2_ws/build/mypkg/install.log --single-version-externally-managed
