[  2%] Built target person_msgs__cpp
[  7%] [32mBuilding C object CMakeFiles/person_msgs__rosidl_generator_c.dir/rosidl_generator_c/person_msgs/srv/detail/query__functions.c.o[0m
[  7%] [32mBuilding C object CMakeFiles/person_msgs__rosidl_generator_c.dir/rosidl_generator_c/person_msgs/msg/detail/person__functions.c.o[0m
[  7%] Built target ament_cmake_python_copy_person_msgs
[ 10%] [32mBuilding CXX object CMakeFiles/person_msgs__rosidl_typesupport_fastrtps_cpp.dir/rosidl_typesupport_fastrtps_cpp/person_msgs/srv/detail/dds_fastrtps/query__type_support.cpp.o[0m
[ 12%] [32mBuilding CXX object CMakeFiles/person_msgs__rosidl_typesupport_introspection_cpp.dir/rosidl_typesupport_introspection_cpp/person_msgs/msg/detail/person__type_support.cpp.o[0m
[ 15%] [32mBuilding CXX object CMakeFiles/person_msgs__rosidl_typesupport_fastrtps_cpp.dir/rosidl_typesupport_fastrtps_cpp/person_msgs/msg/detail/dds_fastrtps/person__type_support.cpp.o[0m
[ 17%] [32mBuilding CXX object CMakeFiles/person_msgs__rosidl_typesupport_cpp.dir/rosidl_typesupport_cpp/person_msgs/msg/person__type_support.cpp.o[0m
[ 20%] [32mBuilding CXX object CMakeFiles/person_msgs__rosidl_typesupport_cpp.dir/rosidl_typesupport_cpp/person_msgs/srv/query__type_support.cpp.o[0m
[ 23%] [32mBuilding CXX object CMakeFiles/person_msgs__rosidl_typesupport_introspection_cpp.dir/rosidl_typesupport_introspection_cpp/person_msgs/srv/detail/query__type_support.cpp.o[0m
[ 25%] [32m[1mLinking C shared library libperson_msgs__rosidl_generator_c.so[0m
[ 28%] Built target person_msgs__rosidl_generator_c
[ 30%] [32mBuilding CXX object CMakeFiles/person_msgs__rosidl_typesupport_c.dir/rosidl_typesupport_c/person_msgs/msg/person__type_support.cpp.o[0m
[ 33%] [32mBuilding C object CMakeFiles/person_msgs__rosidl_typesupport_introspection_c.dir/rosidl_typesupport_introspection_c/person_msgs/msg/detail/person__type_support.c.o[0m
[ 35%] [32mBuilding CXX object CMakeFiles/person_msgs__rosidl_typesupport_fastrtps_c.dir/rosidl_typesupport_fastrtps_c/person_msgs/srv/detail/query__type_support_c.cpp.o[0m
[ 38%] [32mBuilding CXX object CMakeFiles/person_msgs__rosidl_typesupport_fastrtps_c.dir/rosidl_typesupport_fastrtps_c/person_msgs/msg/detail/person__type_support_c.cpp.o[0m
[ 41%] [32mBuilding C object CMakeFiles/person_msgs__rosidl_typesupport_introspection_c.dir/rosidl_typesupport_introspection_c/person_msgs/srv/detail/query__type_support.c.o[0m
[ 43%] [32mBuilding CXX object CMakeFiles/person_msgs__rosidl_typesupport_c.dir/rosidl_typesupport_c/person_msgs/srv/query__type_support.cpp.o[0m
[ 46%] [32m[1mLinking C shared library libperson_msgs__rosidl_typesupport_introspection_c.so[0m
[ 48%] [32m[1mLinking CXX shared library libperson_msgs__rosidl_typesupport_c.so[0m
running egg_info
writing person_msgs.egg-info/PKG-INFO
writing dependency_links to person_msgs.egg-info/dependency_links.txt
writing top-level names to person_msgs.egg-info/top_level.txt
reading manifest file 'person_msgs.egg-info/SOURCES.txt'
writing manifest file 'person_msgs.egg-info/SOURCES.txt'
[ 51%] [32m[1mLinking CXX shared library libperson_msgs__rosidl_typesupport_cpp.so[0m
[ 51%] Built target ament_cmake_python_build_person_msgs_egg
[ 53%] Built target person_msgs__rosidl_typesupport_introspection_c
[ 56%] Built target person_msgs__rosidl_typesupport_c
[ 58%] Built target person_msgs__rosidl_typesupport_cpp
[ 61%] [32m[1mLinking CXX shared library libperson_msgs__rosidl_typesupport_fastrtps_cpp.so[0m
[ 64%] [32m[1mLinking CXX shared library libperson_msgs__rosidl_typesupport_introspection_cpp.so[0m
[ 66%] [32m[1mLinking CXX shared library libperson_msgs__rosidl_typesupport_fastrtps_c.so[0m
[ 69%] Built target person_msgs__rosidl_typesupport_fastrtps_cpp
[ 71%] Built target person_msgs__rosidl_typesupport_introspection_cpp
[ 74%] Built target person_msgs__rosidl_typesupport_fastrtps_c
[ 74%] Built target person_msgs
[ 76%] Built target person_msgs__py
[ 82%] [32mBuilding C object CMakeFiles/person_msgs__rosidl_generator_py.dir/rosidl_generator_py/person_msgs/msg/_person_s.c.o[0m
[ 82%] [32mBuilding C object CMakeFiles/person_msgs__rosidl_generator_py.dir/rosidl_generator_py/person_msgs/srv/_query_s.c.o[0m
[ 84%] [32m[1mLinking C shared library rosidl_generator_py/person_msgs/libperson_msgs__rosidl_generator_py.so[0m
[ 84%] Built target person_msgs__rosidl_generator_py
[ 89%] [32mBuilding C object CMakeFiles/person_msgs__rosidl_typesupport_fastrtps_c__pyext.dir/rosidl_generator_py/person_msgs/_person_msgs_s.ep.rosidl_typesupport_fastrtps_c.c.o[0m
[ 89%] [32mBuilding C object CMakeFiles/person_msgs__rosidl_typesupport_introspection_c__pyext.dir/rosidl_generator_py/person_msgs/_person_msgs_s.ep.rosidl_typesupport_introspection_c.c.o[0m
[ 92%] [32mBuilding C object CMakeFiles/person_msgs__rosidl_typesupport_c__pyext.dir/rosidl_generator_py/person_msgs/_person_msgs_s.ep.rosidl_typesupport_c.c.o[0m
[ 97%] [32m[1mLinking C shared library rosidl_generator_py/person_msgs/person_msgs_s__rosidl_typesupport_fastrtps_c.cpython-310-x86_64-linux-gnu.so[0m
[ 97%] [32m[1mLinking C shared library rosidl_generator_py/person_msgs/person_msgs_s__rosidl_typesupport_c.cpython-310-x86_64-linux-gnu.so[0m
[100%] [32m[1mLinking C shared library rosidl_generator_py/person_msgs/person_msgs_s__rosidl_typesupport_introspection_c.cpython-310-x86_64-linux-gnu.so[0m
[100%] Built target person_msgs__rosidl_typesupport_fastrtps_c__pyext
[100%] Built target person_msgs__rosidl_typesupport_c__pyext
[100%] Built target person_msgs__rosidl_typesupport_introspection_c__pyext
-- Install configuration: ""
-- Up-to-date: /home/motoki/ros2_ws/install/person_msgs/share/ament_index/resource_index/rosidl_interfaces/person_msgs
-- Up-to-date: /home/motoki/ros2_ws/install/person_msgs/include/person_msgs/person_msgs
-- Up-to-date: /home/motoki/ros2_ws/install/person_msgs/include/person_msgs/person_msgs/srv
-- Up-to-date: /home/motoki/ros2_ws/install/person_msgs/include/person_msgs/person_msgs/srv/detail
-- Up-to-date: /home/motoki/ros2_ws/install/person_msgs/include/person_msgs/person_msgs/srv/detail/query__functions.c
-- Up-to-date: /home/motoki/ros2_ws/install/person_msgs/include/person_msgs/person_msgs/srv/detail/query__type_support.h
-- Up-to-date: /home/motoki/ros2_ws/install/person_msgs/include/person_msgs/person_msgs/srv/detail/query__struct.h
-- Up-to-date: /home/motoki/ros2_ws/install/person_msgs/include/person_msgs/person_msgs/srv/detail/query__functions.h
-- Up-to-date: /home/motoki/ros2_ws/install/person_msgs/include/person_msgs/person_msgs/srv/query.h
-- Up-to-date: /home/motoki/ros2_ws/install/person_msgs/include/person_msgs/person_msgs/msg
-- Up-to-date: /home/motoki/ros2_ws/install/person_msgs/include/person_msgs/person_msgs/msg/detail
-- Up-to-date: /home/motoki/ros2_ws/install/person_msgs/include/person_msgs/person_msgs/msg/detail/person__functions.c
-- Up-to-date: /home/motoki/ros2_ws/install/person_msgs/include/person_msgs/person_msgs/msg/detail/person__struct.h
-- Up-to-date: /home/motoki/ros2_ws/install/person_msgs/include/person_msgs/person_msgs/msg/detail/person__functions.h
-- Up-to-date: /home/motoki/ros2_ws/install/person_msgs/include/person_msgs/person_msgs/msg/detail/person__type_support.h
-- Up-to-date: /home/motoki/ros2_ws/install/person_msgs/include/person_msgs/person_msgs/msg/rosidl_generator_c__visibility_control.h
-- Up-to-date: /home/motoki/ros2_ws/install/person_msgs/include/person_msgs/person_msgs/msg/person.h
-- Up-to-date: /home/motoki/ros2_ws/install/person_msgs/share/person_msgs/environment/library_path.sh
-- Up-to-date: /home/motoki/ros2_ws/install/person_msgs/share/person_msgs/environment/library_path.dsv
-- Installing: /home/motoki/ros2_ws/install/person_msgs/lib/libperson_msgs__rosidl_generator_c.so
-- Set runtime path of "/home/motoki/ros2_ws/install/person_msgs/lib/libperson_msgs__rosidl_generator_c.so" to ""
-- Up-to-date: /home/motoki/ros2_ws/install/person_msgs/include/person_msgs/person_msgs
-- Up-to-date: /home/motoki/ros2_ws/install/person_msgs/include/person_msgs/person_msgs/srv
-- Up-to-date: /home/motoki/ros2_ws/install/person_msgs/include/person_msgs/person_msgs/srv/detail
-- Up-to-date: /home/motoki/ros2_ws/install/person_msgs/include/person_msgs/person_msgs/srv/detail/query__rosidl_typesupport_fastrtps_c.h
-- Up-to-date: /home/motoki/ros2_ws/install/person_msgs/include/person_msgs/person_msgs/msg
-- Up-to-date: /home/motoki/ros2_ws/install/person_msgs/include/person_msgs/person_msgs/msg/detail
-- Up-to-date: /home/motoki/ros2_ws/install/person_msgs/include/person_msgs/person_msgs/msg/detail/person__rosidl_typesupport_fastrtps_c.h
-- Up-to-date: /home/motoki/ros2_ws/install/person_msgs/include/person_msgs/person_msgs/msg/rosidl_typesupport_fastrtps_c__visibility_control.h
-- Installing: /home/motoki/ros2_ws/install/person_msgs/lib/libperson_msgs__rosidl_typesupport_fastrtps_c.so
-- Set runtime path of "/home/motoki/ros2_ws/install/person_msgs/lib/libperson_msgs__rosidl_typesupport_fastrtps_c.so" to ""
-- Up-to-date: /home/motoki/ros2_ws/install/person_msgs/include/person_msgs/person_msgs
-- Up-to-date: /home/motoki/ros2_ws/install/person_msgs/include/person_msgs/person_msgs/srv
-- Up-to-date: /home/motoki/ros2_ws/install/person_msgs/include/person_msgs/person_msgs/srv/detail
-- Up-to-date: /home/motoki/ros2_ws/install/person_msgs/include/person_msgs/person_msgs/srv/detail/query__type_support.c
-- Up-to-date: /home/motoki/ros2_ws/install/person_msgs/include/person_msgs/person_msgs/srv/detail/query__rosidl_typesupport_introspection_c.h
-- Up-to-date: /home/motoki/ros2_ws/install/person_msgs/include/person_msgs/person_msgs/msg
-- Up-to-date: /home/motoki/ros2_ws/install/person_msgs/include/person_msgs/person_msgs/msg/detail
-- Up-to-date: /home/motoki/ros2_ws/install/person_msgs/include/person_msgs/person_msgs/msg/detail/person__rosidl_typesupport_introspection_c.h
-- Up-to-date: /home/motoki/ros2_ws/install/person_msgs/include/person_msgs/person_msgs/msg/detail/person__type_support.c
-- Up-to-date: /home/motoki/ros2_ws/install/person_msgs/include/person_msgs/person_msgs/msg/rosidl_typesupport_introspection_c__visibility_control.h
-- Installing: /home/motoki/ros2_ws/install/person_msgs/lib/libperson_msgs__rosidl_typesupport_introspection_c.so
-- Set runtime path of "/home/motoki/ros2_ws/install/person_msgs/lib/libperson_msgs__rosidl_typesupport_introspection_c.so" to ""
-- Installing: /home/motoki/ros2_ws/install/person_msgs/lib/libperson_msgs__rosidl_typesupport_c.so
-- Set runtime path of "/home/motoki/ros2_ws/install/person_msgs/lib/libperson_msgs__rosidl_typesupport_c.so" to ""
-- Up-to-date: /home/motoki/ros2_ws/install/person_msgs/include/person_msgs/person_msgs
-- Up-to-date: /home/motoki/ros2_ws/install/person_msgs/include/person_msgs/person_msgs/srv
-- Up-to-date: /home/motoki/ros2_ws/install/person_msgs/include/person_msgs/person_msgs/srv/detail
-- Up-to-date: /home/motoki/ros2_ws/install/person_msgs/include/person_msgs/person_msgs/srv/detail/query__builder.hpp
-- Up-to-date: /home/motoki/ros2_ws/install/person_msgs/include/person_msgs/person_msgs/srv/detail/query__struct.hpp
-- Up-to-date: /home/motoki/ros2_ws/install/person_msgs/include/person_msgs/person_msgs/srv/detail/query__traits.hpp
-- Up-to-date: /home/motoki/ros2_ws/install/person_msgs/include/person_msgs/person_msgs/srv/query.hpp
-- Up-to-date: /home/motoki/ros2_ws/install/person_msgs/include/person_msgs/person_msgs/msg
-- Up-to-date: /home/motoki/ros2_ws/install/person_msgs/include/person_msgs/person_msgs/msg/detail
-- Up-to-date: /home/motoki/ros2_ws/install/person_msgs/include/person_msgs/person_msgs/msg/detail/person__builder.hpp
-- Up-to-date: /home/motoki/ros2_ws/install/person_msgs/include/person_msgs/person_msgs/msg/detail/person__struct.hpp
-- Up-to-date: /home/motoki/ros2_ws/install/person_msgs/include/person_msgs/person_msgs/msg/detail/person__traits.hpp
-- Up-to-date: /home/motoki/ros2_ws/install/person_msgs/include/person_msgs/person_msgs/msg/person.hpp
-- Up-to-date: /home/motoki/ros2_ws/install/person_msgs/include/person_msgs/person_msgs
-- Up-to-date: /home/motoki/ros2_ws/install/person_msgs/include/person_msgs/person_msgs/srv
-- Up-to-date: /home/motoki/ros2_ws/install/person_msgs/include/person_msgs/person_msgs/srv/detail
-- Up-to-date: /home/motoki/ros2_ws/install/person_msgs/include/person_msgs/person_msgs/srv/detail/dds_fastrtps
-- Up-to-date: /home/motoki/ros2_ws/install/person_msgs/include/person_msgs/person_msgs/srv/detail/query__rosidl_typesupport_fastrtps_cpp.hpp
-- Up-to-date: /home/motoki/ros2_ws/install/person_msgs/include/person_msgs/person_msgs/msg
-- Up-to-date: /home/motoki/ros2_ws/install/person_msgs/include/person_msgs/person_msgs/msg/detail
-- Up-to-date: /home/motoki/ros2_ws/install/person_msgs/include/person_msgs/person_msgs/msg/detail/dds_fastrtps
-- Up-to-date: /home/motoki/ros2_ws/install/person_msgs/include/person_msgs/person_msgs/msg/detail/person__rosidl_typesupport_fastrtps_cpp.hpp
-- Up-to-date: /home/motoki/ros2_ws/install/person_msgs/include/person_msgs/person_msgs/msg/rosidl_typesupport_fastrtps_cpp__visibility_control.h
-- Installing: /home/motoki/ros2_ws/install/person_msgs/lib/libperson_msgs__rosidl_typesupport_fastrtps_cpp.so
-- Set runtime path of "/home/motoki/ros2_ws/install/person_msgs/lib/libperson_msgs__rosidl_typesupport_fastrtps_cpp.so" to ""
-- Up-to-date: /home/motoki/ros2_ws/install/person_msgs/include/person_msgs/person_msgs
-- Up-to-date: /home/motoki/ros2_ws/install/person_msgs/include/person_msgs/person_msgs/srv
-- Up-to-date: /home/motoki/ros2_ws/install/person_msgs/include/person_msgs/person_msgs/srv/detail
-- Up-to-date: /home/motoki/ros2_ws/install/person_msgs/include/person_msgs/person_msgs/srv/detail/query__rosidl_typesupport_introspection_cpp.hpp
-- Up-to-date: /home/motoki/ros2_ws/install/person_msgs/include/person_msgs/person_msgs/srv/detail/query__type_support.cpp
-- Up-to-date: /home/motoki/ros2_ws/install/person_msgs/include/person_msgs/person_msgs/msg
-- Up-to-date: /home/motoki/ros2_ws/install/person_msgs/include/person_msgs/person_msgs/msg/detail
-- Up-to-date: /home/motoki/ros2_ws/install/person_msgs/include/person_msgs/person_msgs/msg/detail/person__rosidl_typesupport_introspection_cpp.hpp
-- Up-to-date: /home/motoki/ros2_ws/install/person_msgs/include/person_msgs/person_msgs/msg/detail/person__type_support.cpp
-- Installing: /home/motoki/ros2_ws/install/person_msgs/lib/libperson_msgs__rosidl_typesupport_introspection_cpp.so
-- Set runtime path of "/home/motoki/ros2_ws/install/person_msgs/lib/libperson_msgs__rosidl_typesupport_introspection_cpp.so" to ""
-- Installing: /home/motoki/ros2_ws/install/person_msgs/lib/libperson_msgs__rosidl_typesupport_cpp.so
-- Set runtime path of "/home/motoki/ros2_ws/install/person_msgs/lib/libperson_msgs__rosidl_typesupport_cpp.so" to ""
-- Up-to-date: /home/motoki/ros2_ws/install/person_msgs/share/person_msgs/environment/pythonpath.sh
-- Up-to-date: /home/motoki/ros2_ws/install/person_msgs/share/person_msgs/environment/pythonpath.dsv
-- Up-to-date: /home/motoki/ros2_ws/install/person_msgs/local/lib/python3.10/dist-packages/person_msgs-0.0.0-py3.10.egg-info
-- Installing: /home/motoki/ros2_ws/install/person_msgs/local/lib/python3.10/dist-packages/person_msgs-0.0.0-py3.10.egg-info/SOURCES.txt
-- Installing: /home/motoki/ros2_ws/install/person_msgs/local/lib/python3.10/dist-packages/person_msgs-0.0.0-py3.10.egg-info/PKG-INFO
-- Installing: /home/motoki/ros2_ws/install/person_msgs/local/lib/python3.10/dist-packages/person_msgs-0.0.0-py3.10.egg-info/dependency_links.txt
-- Installing: /home/motoki/ros2_ws/install/person_msgs/local/lib/python3.10/dist-packages/person_msgs-0.0.0-py3.10.egg-info/top_level.txt
-- Up-to-date: /home/motoki/ros2_ws/install/person_msgs/local/lib/python3.10/dist-packages/person_msgs
-- Up-to-date: /home/motoki/ros2_ws/install/person_msgs/local/lib/python3.10/dist-packages/person_msgs/srv
-- Up-to-date: /home/motoki/ros2_ws/install/person_msgs/local/lib/python3.10/dist-packages/person_msgs/srv/_query_s.c
-- Up-to-date: /home/motoki/ros2_ws/install/person_msgs/local/lib/python3.10/dist-packages/person_msgs/srv/__init__.py
-- Up-to-date: /home/motoki/ros2_ws/install/person_msgs/local/lib/python3.10/dist-packages/person_msgs/srv/_query.py
-- Up-to-date: /home/motoki/ros2_ws/install/person_msgs/local/lib/python3.10/dist-packages/person_msgs/_person_msgs_s.ep.rosidl_typesupport_fastrtps_c.c
-- Up-to-date: /home/motoki/ros2_ws/install/person_msgs/local/lib/python3.10/dist-packages/person_msgs/_person_msgs_s.ep.rosidl_typesupport_c.c
-- Installing: /home/motoki/ros2_ws/install/person_msgs/local/lib/python3.10/dist-packages/person_msgs/person_msgs_s__rosidl_typesupport_c.cpython-310-x86_64-linux-gnu.so
-- Up-to-date: /home/motoki/ros2_ws/install/person_msgs/local/lib/python3.10/dist-packages/person_msgs/msg
-- Up-to-date: /home/motoki/ros2_ws/install/person_msgs/local/lib/python3.10/dist-packages/person_msgs/msg/_person.py
-- Up-to-date: /home/motoki/ros2_ws/install/person_msgs/local/lib/python3.10/dist-packages/person_msgs/msg/_person_s.c
-- Up-to-date: /home/motoki/ros2_ws/install/person_msgs/local/lib/python3.10/dist-packages/person_msgs/msg/__init__.py
-- Up-to-date: /home/motoki/ros2_ws/install/person_msgs/local/lib/python3.10/dist-packages/person_msgs/__init__.py
-- Installing: /home/motoki/ros2_ws/install/person_msgs/local/lib/python3.10/dist-packages/person_msgs/person_msgs_s__rosidl_typesupport_introspection_c.cpython-310-x86_64-linux-gnu.so
-- Installing: /home/motoki/ros2_ws/install/person_msgs/local/lib/python3.10/dist-packages/person_msgs/person_msgs_s__rosidl_typesupport_fastrtps_c.cpython-310-x86_64-linux-gnu.so
-- Up-to-date: /home/motoki/ros2_ws/install/person_msgs/local/lib/python3.10/dist-packages/person_msgs/_person_msgs_s.ep.rosidl_typesupport_introspection_c.c
-- Installing: /home/motoki/ros2_ws/install/person_msgs/local/lib/python3.10/dist-packages/person_msgs/libperson_msgs__rosidl_generator_py.so
Listing '/home/motoki/ros2_ws/install/person_msgs/local/lib/python3.10/dist-packages/person_msgs'...
Listing '/home/motoki/ros2_ws/install/person_msgs/local/lib/python3.10/dist-packages/person_msgs/msg'...
Listing '/home/motoki/ros2_ws/install/person_msgs/local/lib/python3.10/dist-packages/person_msgs/srv'...
-- Installing: /home/motoki/ros2_ws/install/person_msgs/local/lib/python3.10/dist-packages/person_msgs/person_msgs_s__rosidl_typesupport_fastrtps_c.cpython-310-x86_64-linux-gnu.so
-- Set runtime path of "/home/motoki/ros2_ws/install/person_msgs/local/lib/python3.10/dist-packages/person_msgs/person_msgs_s__rosidl_typesupport_fastrtps_c.cpython-310-x86_64-linux-gnu.so" to ""
-- Installing: /home/motoki/ros2_ws/install/person_msgs/local/lib/python3.10/dist-packages/person_msgs/person_msgs_s__rosidl_typesupport_introspection_c.cpython-310-x86_64-linux-gnu.so
-- Set runtime path of "/home/motoki/ros2_ws/install/person_msgs/local/lib/python3.10/dist-packages/person_msgs/person_msgs_s__rosidl_typesupport_introspection_c.cpython-310-x86_64-linux-gnu.so" to ""
-- Installing: /home/motoki/ros2_ws/install/person_msgs/local/lib/python3.10/dist-packages/person_msgs/person_msgs_s__rosidl_typesupport_c.cpython-310-x86_64-linux-gnu.so
-- Set runtime path of "/home/motoki/ros2_ws/install/person_msgs/local/lib/python3.10/dist-packages/person_msgs/person_msgs_s__rosidl_typesupport_c.cpython-310-x86_64-linux-gnu.so" to ""
-- Installing: /home/motoki/ros2_ws/install/person_msgs/lib/libperson_msgs__rosidl_generator_py.so
-- Set runtime path of "/home/motoki/ros2_ws/install/person_msgs/lib/libperson_msgs__rosidl_generator_py.so" to ""
-- Up-to-date: /home/motoki/ros2_ws/install/person_msgs/share/person_msgs/msg/Person.idl
-- Up-to-date: /home/motoki/ros2_ws/install/person_msgs/share/person_msgs/srv/Query.idl
-- Up-to-date: /home/motoki/ros2_ws/install/person_msgs/share/person_msgs/msg/Person.msg
-- Up-to-date: /home/motoki/ros2_ws/install/person_msgs/share/person_msgs/srv/Query.srv
-- Up-to-date: /home/motoki/ros2_ws/install/person_msgs/share/person_msgs/srv/Query_Request.msg
-- Up-to-date: /home/motoki/ros2_ws/install/person_msgs/share/person_msgs/srv/Query_Response.msg
-- Up-to-date: /home/motoki/ros2_ws/install/person_msgs/share/ament_index/resource_index/package_run_dependencies/person_msgs
-- Up-to-date: /home/motoki/ros2_ws/install/person_msgs/share/ament_index/resource_index/parent_prefix_path/person_msgs
-- Up-to-date: /home/motoki/ros2_ws/install/person_msgs/share/person_msgs/environment/ament_prefix_path.sh
-- Up-to-date: /home/motoki/ros2_ws/install/person_msgs/share/person_msgs/environment/ament_prefix_path.dsv
-- Up-to-date: /home/motoki/ros2_ws/install/person_msgs/share/person_msgs/environment/path.sh
-- Up-to-date: /home/motoki/ros2_ws/install/person_msgs/share/person_msgs/environment/path.dsv
-- Up-to-date: /home/motoki/ros2_ws/install/person_msgs/share/person_msgs/local_setup.bash
-- Up-to-date: /home/motoki/ros2_ws/install/person_msgs/share/person_msgs/local_setup.sh
-- Up-to-date: /home/motoki/ros2_ws/install/person_msgs/share/person_msgs/local_setup.zsh
-- Up-to-date: /home/motoki/ros2_ws/install/person_msgs/share/person_msgs/local_setup.dsv
-- Up-to-date: /home/motoki/ros2_ws/install/person_msgs/share/person_msgs/package.dsv
-- Up-to-date: /home/motoki/ros2_ws/install/person_msgs/share/ament_index/resource_index/packages/person_msgs
-- Up-to-date: /home/motoki/ros2_ws/install/person_msgs/share/person_msgs/cmake/export_person_msgs__rosidl_generator_cExport.cmake
-- Up-to-date: /home/motoki/ros2_ws/install/person_msgs/share/person_msgs/cmake/export_person_msgs__rosidl_generator_cExport-noconfig.cmake
-- Up-to-date: /home/motoki/ros2_ws/install/person_msgs/share/person_msgs/cmake/export_person_msgs__rosidl_typesupport_fastrtps_cExport.cmake
-- Up-to-date: /home/motoki/ros2_ws/install/person_msgs/share/person_msgs/cmake/export_person_msgs__rosidl_typesupport_fastrtps_cExport-noconfig.cmake
-- Up-to-date: /home/motoki/ros2_ws/install/person_msgs/share/person_msgs/cmake/person_msgs__rosidl_typesupport_introspection_cExport.cmake
-- Up-to-date: /home/motoki/ros2_ws/install/person_msgs/share/person_msgs/cmake/person_msgs__rosidl_typesupport_introspection_cExport-noconfig.cmake
-- Up-to-date: /home/motoki/ros2_ws/install/person_msgs/share/person_msgs/cmake/person_msgs__rosidl_typesupport_cExport.cmake
-- Up-to-date: /home/motoki/ros2_ws/install/person_msgs/share/person_msgs/cmake/person_msgs__rosidl_typesupport_cExport-noconfig.cmake
-- Up-to-date: /home/motoki/ros2_ws/install/person_msgs/share/person_msgs/cmake/export_person_msgs__rosidl_generator_cppExport.cmake
-- Up-to-date: /home/motoki/ros2_ws/install/person_msgs/share/person_msgs/cmake/export_person_msgs__rosidl_typesupport_fastrtps_cppExport.cmake
-- Up-to-date: /home/motoki/ros2_ws/install/person_msgs/share/person_msgs/cmake/export_person_msgs__rosidl_typesupport_fastrtps_cppExport-noconfig.cmake
-- Up-to-date: /home/motoki/ros2_ws/install/person_msgs/share/person_msgs/cmake/person_msgs__rosidl_typesupport_introspection_cppExport.cmake
-- Up-to-date: /home/motoki/ros2_ws/install/person_msgs/share/person_msgs/cmake/person_msgs__rosidl_typesupport_introspection_cppExport-noconfig.cmake
-- Up-to-date: /home/motoki/ros2_ws/install/person_msgs/share/person_msgs/cmake/person_msgs__rosidl_typesupport_cppExport.cmake
-- Up-to-date: /home/motoki/ros2_ws/install/person_msgs/share/person_msgs/cmake/person_msgs__rosidl_typesupport_cppExport-noconfig.cmake
-- Up-to-date: /home/motoki/ros2_ws/install/person_msgs/share/person_msgs/cmake/export_person_msgs__rosidl_generator_pyExport.cmake
-- Up-to-date: /home/motoki/ros2_ws/install/person_msgs/share/person_msgs/cmake/export_person_msgs__rosidl_generator_pyExport-noconfig.cmake
-- Up-to-date: /home/motoki/ros2_ws/install/person_msgs/share/person_msgs/cmake/rosidl_cmake-extras.cmake
-- Up-to-date: /home/motoki/ros2_ws/install/person_msgs/share/person_msgs/cmake/ament_cmake_export_include_directories-extras.cmake
-- Up-to-date: /home/motoki/ros2_ws/install/person_msgs/share/person_msgs/cmake/ament_cmake_export_libraries-extras.cmake
-- Up-to-date: /home/motoki/ros2_ws/install/person_msgs/share/person_msgs/cmake/ament_cmake_export_targets-extras.cmake
-- Up-to-date: /home/motoki/ros2_ws/install/person_msgs/share/person_msgs/cmake/rosidl_cmake_export_typesupport_targets-extras.cmake
-- Up-to-date: /home/motoki/ros2_ws/install/person_msgs/share/person_msgs/cmake/ament_cmake_export_dependencies-extras.cmake
-- Up-to-date: /home/motoki/ros2_ws/install/person_msgs/share/person_msgs/cmake/rosidl_cmake_export_typesupport_libraries-extras.cmake
-- Up-to-date: /home/motoki/ros2_ws/install/person_msgs/share/person_msgs/cmake/person_msgsConfig.cmake
-- Up-to-date: /home/motoki/ros2_ws/install/person_msgs/share/person_msgs/cmake/person_msgsConfig-version.cmake
-- Up-to-date: /home/motoki/ros2_ws/install/person_msgs/share/person_msgs/package.xml
