[0.205s] Invoking command in '/home/motoki/ros2_ws/build/person_msgs': CMAKE_PREFIX_PATH=${CMAKE_PREFIX_PATH}:/home/motoki/ros2_ws/install/mypkg:/opt/ros/humble /usr/bin/cmake --build /home/motoki/ros2_ws/build/person_msgs -- -j12 -l12
[0.238s] [  2%] Built target person_msgs__cpp
[0.238s] [  7%] [32mBuilding C object CMakeFiles/person_msgs__rosidl_generator_c.dir/rosidl_generator_c/person_msgs/srv/detail/query__functions.c.o[0m
[0.238s] [  7%] [32mBuilding C object CMakeFiles/person_msgs__rosidl_generator_c.dir/rosidl_generator_c/person_msgs/msg/detail/person__functions.c.o[0m
[0.248s] [  7%] Built target ament_cmake_python_copy_person_msgs
[0.258s] [ 10%] [32mBuilding CXX object CMakeFiles/person_msgs__rosidl_typesupport_fastrtps_cpp.dir/rosidl_typesupport_fastrtps_cpp/person_msgs/srv/detail/dds_fastrtps/query__type_support.cpp.o[0m
[0.259s] [ 12%] [32mBuilding CXX object CMakeFiles/person_msgs__rosidl_typesupport_introspection_cpp.dir/rosidl_typesupport_introspection_cpp/person_msgs/msg/detail/person__type_support.cpp.o[0m
[0.259s] [ 15%] [32mBuilding CXX object CMakeFiles/person_msgs__rosidl_typesupport_fastrtps_cpp.dir/rosidl_typesupport_fastrtps_cpp/person_msgs/msg/detail/dds_fastrtps/person__type_support.cpp.o[0m
[0.260s] [ 17%] [32mBuilding CXX object CMakeFiles/person_msgs__rosidl_typesupport_cpp.dir/rosidl_typesupport_cpp/person_msgs/msg/person__type_support.cpp.o[0m
[0.261s] [ 20%] [32mBuilding CXX object CMakeFiles/person_msgs__rosidl_typesupport_cpp.dir/rosidl_typesupport_cpp/person_msgs/srv/query__type_support.cpp.o[0m
[0.261s] [ 23%] [32mBuilding CXX object CMakeFiles/person_msgs__rosidl_typesupport_introspection_cpp.dir/rosidl_typesupport_introspection_cpp/person_msgs/srv/detail/query__type_support.cpp.o[0m
[0.308s] [ 25%] [32m[1mLinking C shared library libperson_msgs__rosidl_generator_c.so[0m
[0.481s] [ 28%] Built target person_msgs__rosidl_generator_c
[0.510s] [ 30%] [32mBuilding CXX object CMakeFiles/person_msgs__rosidl_typesupport_c.dir/rosidl_typesupport_c/person_msgs/msg/person__type_support.cpp.o[0m
[0.511s] [ 33%] [32mBuilding C object CMakeFiles/person_msgs__rosidl_typesupport_introspection_c.dir/rosidl_typesupport_introspection_c/person_msgs/msg/detail/person__type_support.c.o[0m
[0.511s] [ 35%] [32mBuilding CXX object CMakeFiles/person_msgs__rosidl_typesupport_fastrtps_c.dir/rosidl_typesupport_fastrtps_c/person_msgs/srv/detail/query__type_support_c.cpp.o[0m
[0.515s] [ 38%] [32mBuilding CXX object CMakeFiles/person_msgs__rosidl_typesupport_fastrtps_c.dir/rosidl_typesupport_fastrtps_c/person_msgs/msg/detail/person__type_support_c.cpp.o[0m
[0.521s] [ 41%] [32mBuilding C object CMakeFiles/person_msgs__rosidl_typesupport_introspection_c.dir/rosidl_typesupport_introspection_c/person_msgs/srv/detail/query__type_support.c.o[0m
[0.567s] [ 43%] [32mBuilding CXX object CMakeFiles/person_msgs__rosidl_typesupport_c.dir/rosidl_typesupport_c/person_msgs/srv/query__type_support.cpp.o[0m
[0.616s] [ 46%] [32m[1mLinking C shared library libperson_msgs__rosidl_typesupport_introspection_c.so[0m
[0.619s] [ 48%] [32m[1mLinking CXX shared library libperson_msgs__rosidl_typesupport_c.so[0m
[0.621s] running egg_info
[0.623s] writing person_msgs.egg-info/PKG-INFO
[0.624s] writing dependency_links to person_msgs.egg-info/dependency_links.txt
[0.625s] writing top-level names to person_msgs.egg-info/top_level.txt
[0.629s] reading manifest file 'person_msgs.egg-info/SOURCES.txt'
[0.631s] writing manifest file 'person_msgs.egg-info/SOURCES.txt'
[0.677s] [ 51%] [32m[1mLinking CXX shared library libperson_msgs__rosidl_typesupport_cpp.so[0m
[0.678s] [ 51%] Built target ament_cmake_python_build_person_msgs_egg
[0.755s] [ 53%] Built target person_msgs__rosidl_typesupport_introspection_c
[0.777s] [ 56%] Built target person_msgs__rosidl_typesupport_c
[0.874s] [ 58%] Built target person_msgs__rosidl_typesupport_cpp
[0.905s] [ 61%] [32m[1mLinking CXX shared library libperson_msgs__rosidl_typesupport_fastrtps_cpp.so[0m
[0.963s] [ 64%] [32m[1mLinking CXX shared library libperson_msgs__rosidl_typesupport_introspection_cpp.so[0m
[1.036s] [ 66%] [32m[1mLinking CXX shared library libperson_msgs__rosidl_typesupport_fastrtps_c.so[0m
[1.068s] [ 69%] Built target person_msgs__rosidl_typesupport_fastrtps_cpp
[1.107s] [ 71%] Built target person_msgs__rosidl_typesupport_introspection_cpp
[1.169s] [ 74%] Built target person_msgs__rosidl_typesupport_fastrtps_c
[1.180s] [ 74%] Built target person_msgs
[1.192s] [ 76%] Built target person_msgs__py
[1.206s] [ 82%] [32mBuilding C object CMakeFiles/person_msgs__rosidl_generator_py.dir/rosidl_generator_py/person_msgs/msg/_person_s.c.o[0m
[1.206s] [ 82%] [32mBuilding C object CMakeFiles/person_msgs__rosidl_generator_py.dir/rosidl_generator_py/person_msgs/srv/_query_s.c.o[0m
[1.278s] [ 84%] [32m[1mLinking C shared library rosidl_generator_py/person_msgs/libperson_msgs__rosidl_generator_py.so[0m
[1.382s] [ 84%] Built target person_msgs__rosidl_generator_py
[1.397s] [ 89%] [32mBuilding C object CMakeFiles/person_msgs__rosidl_typesupport_fastrtps_c__pyext.dir/rosidl_generator_py/person_msgs/_person_msgs_s.ep.rosidl_typesupport_fastrtps_c.c.o[0m
[1.398s] [ 89%] [32mBuilding C object CMakeFiles/person_msgs__rosidl_typesupport_introspection_c__pyext.dir/rosidl_generator_py/person_msgs/_person_msgs_s.ep.rosidl_typesupport_introspection_c.c.o[0m
[1.399s] [ 92%] [32mBuilding C object CMakeFiles/person_msgs__rosidl_typesupport_c__pyext.dir/rosidl_generator_py/person_msgs/_person_msgs_s.ep.rosidl_typesupport_c.c.o[0m
[1.474s] [ 97%] [32m[1mLinking C shared library rosidl_generator_py/person_msgs/person_msgs_s__rosidl_typesupport_fastrtps_c.cpython-310-x86_64-linux-gnu.so[0m
[1.474s] [ 97%] [32m[1mLinking C shared library rosidl_generator_py/person_msgs/person_msgs_s__rosidl_typesupport_c.cpython-310-x86_64-linux-gnu.so[0m
[1.476s] [100%] [32m[1mLinking C shared library rosidl_generator_py/person_msgs/person_msgs_s__rosidl_typesupport_introspection_c.cpython-310-x86_64-linux-gnu.so[0m
[1.544s] [100%] Built target person_msgs__rosidl_typesupport_fastrtps_c__pyext
[1.544s] [100%] Built target person_msgs__rosidl_typesupport_c__pyext
[1.544s] [100%] Built target person_msgs__rosidl_typesupport_introspection_c__pyext
[1.558s] Invoked command in '/home/motoki/ros2_ws/build/person_msgs' returned '0': CMAKE_PREFIX_PATH=${CMAKE_PREFIX_PATH}:/home/motoki/ros2_ws/install/mypkg:/opt/ros/humble /usr/bin/cmake --build /home/motoki/ros2_ws/build/person_msgs -- -j12 -l12
[1.609s] Invoking command in '/home/motoki/ros2_ws/build/person_msgs': CMAKE_PREFIX_PATH=${CMAKE_PREFIX_PATH}:/home/motoki/ros2_ws/install/mypkg:/opt/ros/humble /usr/bin/cmake --install /home/motoki/ros2_ws/build/person_msgs
[1.614s] -- Install configuration: ""
[1.614s] -- Up-to-date: /home/motoki/ros2_ws/install/person_msgs/share/ament_index/resource_index/rosidl_interfaces/person_msgs
[1.614s] -- Up-to-date: /home/motoki/ros2_ws/install/person_msgs/include/person_msgs/person_msgs
[1.614s] -- Up-to-date: /home/motoki/ros2_ws/install/person_msgs/include/person_msgs/person_msgs/srv
[1.614s] -- Up-to-date: /home/motoki/ros2_ws/install/person_msgs/include/person_msgs/person_msgs/srv/detail
[1.614s] -- Up-to-date: /home/motoki/ros2_ws/install/person_msgs/include/person_msgs/person_msgs/srv/detail/query__functions.c
[1.615s] -- Up-to-date: /home/motoki/ros2_ws/install/person_msgs/include/person_msgs/person_msgs/srv/detail/query__type_support.h
[1.615s] -- Up-to-date: /home/motoki/ros2_ws/install/person_msgs/include/person_msgs/person_msgs/srv/detail/query__struct.h
[1.615s] -- Up-to-date: /home/motoki/ros2_ws/install/person_msgs/include/person_msgs/person_msgs/srv/detail/query__functions.h
[1.615s] -- Up-to-date: /home/motoki/ros2_ws/install/person_msgs/include/person_msgs/person_msgs/srv/query.h
[1.615s] -- Up-to-date: /home/motoki/ros2_ws/install/person_msgs/include/person_msgs/person_msgs/msg
[1.615s] -- Up-to-date: /home/motoki/ros2_ws/install/person_msgs/include/person_msgs/person_msgs/msg/detail
[1.615s] -- Up-to-date: /home/motoki/ros2_ws/install/person_msgs/include/person_msgs/person_msgs/msg/detail/person__functions.c
[1.615s] -- Up-to-date: /home/motoki/ros2_ws/install/person_msgs/include/person_msgs/person_msgs/msg/detail/person__struct.h
[1.615s] -- Up-to-date: /home/motoki/ros2_ws/install/person_msgs/include/person_msgs/person_msgs/msg/detail/person__functions.h
[1.616s] -- Up-to-date: /home/motoki/ros2_ws/install/person_msgs/include/person_msgs/person_msgs/msg/detail/person__type_support.h
[1.616s] -- Up-to-date: /home/motoki/ros2_ws/install/person_msgs/include/person_msgs/person_msgs/msg/rosidl_generator_c__visibility_control.h
[1.616s] -- Up-to-date: /home/motoki/ros2_ws/install/person_msgs/include/person_msgs/person_msgs/msg/person.h
[1.616s] -- Up-to-date: /home/motoki/ros2_ws/install/person_msgs/share/person_msgs/environment/library_path.sh
[1.616s] -- Up-to-date: /home/motoki/ros2_ws/install/person_msgs/share/person_msgs/environment/library_path.dsv
[1.616s] -- Installing: /home/motoki/ros2_ws/install/person_msgs/lib/libperson_msgs__rosidl_generator_c.so
[1.616s] -- Set runtime path of "/home/motoki/ros2_ws/install/person_msgs/lib/libperson_msgs__rosidl_generator_c.so" to ""
[1.616s] -- Up-to-date: /home/motoki/ros2_ws/install/person_msgs/include/person_msgs/person_msgs
[1.616s] -- Up-to-date: /home/motoki/ros2_ws/install/person_msgs/include/person_msgs/person_msgs/srv
[1.616s] -- Up-to-date: /home/motoki/ros2_ws/install/person_msgs/include/person_msgs/person_msgs/srv/detail
[1.617s] -- Up-to-date: /home/motoki/ros2_ws/install/person_msgs/include/person_msgs/person_msgs/srv/detail/query__rosidl_typesupport_fastrtps_c.h
[1.617s] -- Up-to-date: /home/motoki/ros2_ws/install/person_msgs/include/person_msgs/person_msgs/msg
[1.617s] -- Up-to-date: /home/motoki/ros2_ws/install/person_msgs/include/person_msgs/person_msgs/msg/detail
[1.617s] -- Up-to-date: /home/motoki/ros2_ws/install/person_msgs/include/person_msgs/person_msgs/msg/detail/person__rosidl_typesupport_fastrtps_c.h
[1.617s] -- Up-to-date: /home/motoki/ros2_ws/install/person_msgs/include/person_msgs/person_msgs/msg/rosidl_typesupport_fastrtps_c__visibility_control.h
[1.617s] -- Installing: /home/motoki/ros2_ws/install/person_msgs/lib/libperson_msgs__rosidl_typesupport_fastrtps_c.so
[1.617s] -- Set runtime path of "/home/motoki/ros2_ws/install/person_msgs/lib/libperson_msgs__rosidl_typesupport_fastrtps_c.so" to ""
[1.617s] -- Up-to-date: /home/motoki/ros2_ws/install/person_msgs/include/person_msgs/person_msgs
[1.617s] -- Up-to-date: /home/motoki/ros2_ws/install/person_msgs/include/person_msgs/person_msgs/srv
[1.618s] -- Up-to-date: /home/motoki/ros2_ws/install/person_msgs/include/person_msgs/person_msgs/srv/detail
[1.618s] -- Up-to-date: /home/motoki/ros2_ws/install/person_msgs/include/person_msgs/person_msgs/srv/detail/query__type_support.c
[1.618s] -- Up-to-date: /home/motoki/ros2_ws/install/person_msgs/include/person_msgs/person_msgs/srv/detail/query__rosidl_typesupport_introspection_c.h
[1.618s] -- Up-to-date: /home/motoki/ros2_ws/install/person_msgs/include/person_msgs/person_msgs/msg
[1.618s] -- Up-to-date: /home/motoki/ros2_ws/install/person_msgs/include/person_msgs/person_msgs/msg/detail
[1.618s] -- Up-to-date: /home/motoki/ros2_ws/install/person_msgs/include/person_msgs/person_msgs/msg/detail/person__rosidl_typesupport_introspection_c.h
[1.618s] -- Up-to-date: /home/motoki/ros2_ws/install/person_msgs/include/person_msgs/person_msgs/msg/detail/person__type_support.c
[1.618s] -- Up-to-date: /home/motoki/ros2_ws/install/person_msgs/include/person_msgs/person_msgs/msg/rosidl_typesupport_introspection_c__visibility_control.h
[1.619s] -- Installing: /home/motoki/ros2_ws/install/person_msgs/lib/libperson_msgs__rosidl_typesupport_introspection_c.so
[1.619s] -- Set runtime path of "/home/motoki/ros2_ws/install/person_msgs/lib/libperson_msgs__rosidl_typesupport_introspection_c.so" to ""
[1.619s] -- Installing: /home/motoki/ros2_ws/install/person_msgs/lib/libperson_msgs__rosidl_typesupport_c.so
[1.619s] -- Set runtime path of "/home/motoki/ros2_ws/install/person_msgs/lib/libperson_msgs__rosidl_typesupport_c.so" to ""
[1.619s] -- Up-to-date: /home/motoki/ros2_ws/install/person_msgs/include/person_msgs/person_msgs
[1.619s] -- Up-to-date: /home/motoki/ros2_ws/install/person_msgs/include/person_msgs/person_msgs/srv
[1.619s] -- Up-to-date: /home/motoki/ros2_ws/install/person_msgs/include/person_msgs/person_msgs/srv/detail
[1.619s] -- Up-to-date: /home/motoki/ros2_ws/install/person_msgs/include/person_msgs/person_msgs/srv/detail/query__builder.hpp
[1.619s] -- Up-to-date: /home/motoki/ros2_ws/install/person_msgs/include/person_msgs/person_msgs/srv/detail/query__struct.hpp
[1.619s] -- Up-to-date: /home/motoki/ros2_ws/install/person_msgs/include/person_msgs/person_msgs/srv/detail/query__traits.hpp
[1.620s] -- Up-to-date: /home/motoki/ros2_ws/install/person_msgs/include/person_msgs/person_msgs/srv/query.hpp
[1.620s] -- Up-to-date: /home/motoki/ros2_ws/install/person_msgs/include/person_msgs/person_msgs/msg
[1.620s] -- Up-to-date: /home/motoki/ros2_ws/install/person_msgs/include/person_msgs/person_msgs/msg/detail
[1.620s] -- Up-to-date: /home/motoki/ros2_ws/install/person_msgs/include/person_msgs/person_msgs/msg/detail/person__builder.hpp
[1.620s] -- Up-to-date: /home/motoki/ros2_ws/install/person_msgs/include/person_msgs/person_msgs/msg/detail/person__struct.hpp
[1.620s] -- Up-to-date: /home/motoki/ros2_ws/install/person_msgs/include/person_msgs/person_msgs/msg/detail/person__traits.hpp
[1.620s] -- Up-to-date: /home/motoki/ros2_ws/install/person_msgs/include/person_msgs/person_msgs/msg/person.hpp
[1.620s] -- Up-to-date: /home/motoki/ros2_ws/install/person_msgs/include/person_msgs/person_msgs
[1.620s] -- Up-to-date: /home/motoki/ros2_ws/install/person_msgs/include/person_msgs/person_msgs/srv
[1.621s] -- Up-to-date: /home/motoki/ros2_ws/install/person_msgs/include/person_msgs/person_msgs/srv/detail
[1.621s] -- Up-to-date: /home/motoki/ros2_ws/install/person_msgs/include/person_msgs/person_msgs/srv/detail/dds_fastrtps
[1.621s] -- Up-to-date: /home/motoki/ros2_ws/install/person_msgs/include/person_msgs/person_msgs/srv/detail/query__rosidl_typesupport_fastrtps_cpp.hpp
[1.621s] -- Up-to-date: /home/motoki/ros2_ws/install/person_msgs/include/person_msgs/person_msgs/msg
[1.621s] -- Up-to-date: /home/motoki/ros2_ws/install/person_msgs/include/person_msgs/person_msgs/msg/detail
[1.621s] -- Up-to-date: /home/motoki/ros2_ws/install/person_msgs/include/person_msgs/person_msgs/msg/detail/dds_fastrtps
[1.621s] -- Up-to-date: /home/motoki/ros2_ws/install/person_msgs/include/person_msgs/person_msgs/msg/detail/person__rosidl_typesupport_fastrtps_cpp.hpp
[1.621s] -- Up-to-date: /home/motoki/ros2_ws/install/person_msgs/include/person_msgs/person_msgs/msg/rosidl_typesupport_fastrtps_cpp__visibility_control.h
[1.621s] -- Installing: /home/motoki/ros2_ws/install/person_msgs/lib/libperson_msgs__rosidl_typesupport_fastrtps_cpp.so
[1.621s] -- Set runtime path of "/home/motoki/ros2_ws/install/person_msgs/lib/libperson_msgs__rosidl_typesupport_fastrtps_cpp.so" to ""
[1.622s] -- Up-to-date: /home/motoki/ros2_ws/install/person_msgs/include/person_msgs/person_msgs
[1.622s] -- Up-to-date: /home/motoki/ros2_ws/install/person_msgs/include/person_msgs/person_msgs/srv
[1.622s] -- Up-to-date: /home/motoki/ros2_ws/install/person_msgs/include/person_msgs/person_msgs/srv/detail
[1.622s] -- Up-to-date: /home/motoki/ros2_ws/install/person_msgs/include/person_msgs/person_msgs/srv/detail/query__rosidl_typesupport_introspection_cpp.hpp
[1.622s] -- Up-to-date: /home/motoki/ros2_ws/install/person_msgs/include/person_msgs/person_msgs/srv/detail/query__type_support.cpp
[1.622s] -- Up-to-date: /home/motoki/ros2_ws/install/person_msgs/include/person_msgs/person_msgs/msg
[1.622s] -- Up-to-date: /home/motoki/ros2_ws/install/person_msgs/include/person_msgs/person_msgs/msg/detail
[1.622s] -- Up-to-date: /home/motoki/ros2_ws/install/person_msgs/include/person_msgs/person_msgs/msg/detail/person__rosidl_typesupport_introspection_cpp.hpp
[1.622s] -- Up-to-date: /home/motoki/ros2_ws/install/person_msgs/include/person_msgs/person_msgs/msg/detail/person__type_support.cpp
[1.622s] -- Installing: /home/motoki/ros2_ws/install/person_msgs/lib/libperson_msgs__rosidl_typesupport_introspection_cpp.so
[1.623s] -- Set runtime path of "/home/motoki/ros2_ws/install/person_msgs/lib/libperson_msgs__rosidl_typesupport_introspection_cpp.so" to ""
[1.623s] -- Installing: /home/motoki/ros2_ws/install/person_msgs/lib/libperson_msgs__rosidl_typesupport_cpp.so
[1.623s] -- Set runtime path of "/home/motoki/ros2_ws/install/person_msgs/lib/libperson_msgs__rosidl_typesupport_cpp.so" to ""
[1.623s] -- Up-to-date: /home/motoki/ros2_ws/install/person_msgs/share/person_msgs/environment/pythonpath.sh
[1.623s] -- Up-to-date: /home/motoki/ros2_ws/install/person_msgs/share/person_msgs/environment/pythonpath.dsv
[1.623s] -- Up-to-date: /home/motoki/ros2_ws/install/person_msgs/local/lib/python3.10/dist-packages/person_msgs-0.0.0-py3.10.egg-info
[1.623s] -- Installing: /home/motoki/ros2_ws/install/person_msgs/local/lib/python3.10/dist-packages/person_msgs-0.0.0-py3.10.egg-info/SOURCES.txt
[1.623s] -- Installing: /home/motoki/ros2_ws/install/person_msgs/local/lib/python3.10/dist-packages/person_msgs-0.0.0-py3.10.egg-info/PKG-INFO
[1.623s] -- Installing: /home/motoki/ros2_ws/install/person_msgs/local/lib/python3.10/dist-packages/person_msgs-0.0.0-py3.10.egg-info/dependency_links.txt
[1.623s] -- Installing: /home/motoki/ros2_ws/install/person_msgs/local/lib/python3.10/dist-packages/person_msgs-0.0.0-py3.10.egg-info/top_level.txt
[1.623s] -- Up-to-date: /home/motoki/ros2_ws/install/person_msgs/local/lib/python3.10/dist-packages/person_msgs
[1.623s] -- Up-to-date: /home/motoki/ros2_ws/install/person_msgs/local/lib/python3.10/dist-packages/person_msgs/srv
[1.623s] -- Up-to-date: /home/motoki/ros2_ws/install/person_msgs/local/lib/python3.10/dist-packages/person_msgs/srv/_query_s.c
[1.623s] -- Up-to-date: /home/motoki/ros2_ws/install/person_msgs/local/lib/python3.10/dist-packages/person_msgs/srv/__init__.py
[1.623s] -- Up-to-date: /home/motoki/ros2_ws/install/person_msgs/local/lib/python3.10/dist-packages/person_msgs/srv/_query.py
[1.623s] -- Up-to-date: /home/motoki/ros2_ws/install/person_msgs/local/lib/python3.10/dist-packages/person_msgs/_person_msgs_s.ep.rosidl_typesupport_fastrtps_c.c
[1.623s] -- Up-to-date: /home/motoki/ros2_ws/install/person_msgs/local/lib/python3.10/dist-packages/person_msgs/_person_msgs_s.ep.rosidl_typesupport_c.c
[1.623s] -- Installing: /home/motoki/ros2_ws/install/person_msgs/local/lib/python3.10/dist-packages/person_msgs/person_msgs_s__rosidl_typesupport_c.cpython-310-x86_64-linux-gnu.so
[1.623s] -- Up-to-date: /home/motoki/ros2_ws/install/person_msgs/local/lib/python3.10/dist-packages/person_msgs/msg
[1.623s] -- Up-to-date: /home/motoki/ros2_ws/install/person_msgs/local/lib/python3.10/dist-packages/person_msgs/msg/_person.py
[1.624s] -- Up-to-date: /home/motoki/ros2_ws/install/person_msgs/local/lib/python3.10/dist-packages/person_msgs/msg/_person_s.c
[1.624s] -- Up-to-date: /home/motoki/ros2_ws/install/person_msgs/local/lib/python3.10/dist-packages/person_msgs/msg/__init__.py
[1.624s] -- Up-to-date: /home/motoki/ros2_ws/install/person_msgs/local/lib/python3.10/dist-packages/person_msgs/__init__.py
[1.624s] -- Installing: /home/motoki/ros2_ws/install/person_msgs/local/lib/python3.10/dist-packages/person_msgs/person_msgs_s__rosidl_typesupport_introspection_c.cpython-310-x86_64-linux-gnu.so
[1.624s] -- Installing: /home/motoki/ros2_ws/install/person_msgs/local/lib/python3.10/dist-packages/person_msgs/person_msgs_s__rosidl_typesupport_fastrtps_c.cpython-310-x86_64-linux-gnu.so
[1.624s] -- Up-to-date: /home/motoki/ros2_ws/install/person_msgs/local/lib/python3.10/dist-packages/person_msgs/_person_msgs_s.ep.rosidl_typesupport_introspection_c.c
[1.624s] -- Installing: /home/motoki/ros2_ws/install/person_msgs/local/lib/python3.10/dist-packages/person_msgs/libperson_msgs__rosidl_generator_py.so
[1.638s] Listing '/home/motoki/ros2_ws/install/person_msgs/local/lib/python3.10/dist-packages/person_msgs'...
[1.638s] Listing '/home/motoki/ros2_ws/install/person_msgs/local/lib/python3.10/dist-packages/person_msgs/msg'...
[1.638s] Listing '/home/motoki/ros2_ws/install/person_msgs/local/lib/python3.10/dist-packages/person_msgs/srv'...
[1.641s] -- Installing: /home/motoki/ros2_ws/install/person_msgs/local/lib/python3.10/dist-packages/person_msgs/person_msgs_s__rosidl_typesupport_fastrtps_c.cpython-310-x86_64-linux-gnu.so
[1.641s] -- Set runtime path of "/home/motoki/ros2_ws/install/person_msgs/local/lib/python3.10/dist-packages/person_msgs/person_msgs_s__rosidl_typesupport_fastrtps_c.cpython-310-x86_64-linux-gnu.so" to ""
[1.642s] -- Installing: /home/motoki/ros2_ws/install/person_msgs/local/lib/python3.10/dist-packages/person_msgs/person_msgs_s__rosidl_typesupport_introspection_c.cpython-310-x86_64-linux-gnu.so
[1.642s] -- Set runtime path of "/home/motoki/ros2_ws/install/person_msgs/local/lib/python3.10/dist-packages/person_msgs/person_msgs_s__rosidl_typesupport_introspection_c.cpython-310-x86_64-linux-gnu.so" to ""
[1.642s] -- Installing: /home/motoki/ros2_ws/install/person_msgs/local/lib/python3.10/dist-packages/person_msgs/person_msgs_s__rosidl_typesupport_c.cpython-310-x86_64-linux-gnu.so
[1.642s] -- Set runtime path of "/home/motoki/ros2_ws/install/person_msgs/local/lib/python3.10/dist-packages/person_msgs/person_msgs_s__rosidl_typesupport_c.cpython-310-x86_64-linux-gnu.so" to ""
[1.642s] -- Installing: /home/motoki/ros2_ws/install/person_msgs/lib/libperson_msgs__rosidl_generator_py.so
[1.642s] -- Set runtime path of "/home/motoki/ros2_ws/install/person_msgs/lib/libperson_msgs__rosidl_generator_py.so" to ""
[1.643s] -- Up-to-date: /home/motoki/ros2_ws/install/person_msgs/share/person_msgs/msg/Person.idl
[1.643s] -- Up-to-date: /home/motoki/ros2_ws/install/person_msgs/share/person_msgs/srv/Query.idl
[1.643s] -- Up-to-date: /home/motoki/ros2_ws/install/person_msgs/share/person_msgs/msg/Person.msg
[1.643s] -- Up-to-date: /home/motoki/ros2_ws/install/person_msgs/share/person_msgs/srv/Query.srv
[1.643s] -- Up-to-date: /home/motoki/ros2_ws/install/person_msgs/share/person_msgs/srv/Query_Request.msg
[1.643s] -- Up-to-date: /home/motoki/ros2_ws/install/person_msgs/share/person_msgs/srv/Query_Response.msg
[1.643s] -- Up-to-date: /home/motoki/ros2_ws/install/person_msgs/share/ament_index/resource_index/package_run_dependencies/person_msgs
[1.644s] -- Up-to-date: /home/motoki/ros2_ws/install/person_msgs/share/ament_index/resource_index/parent_prefix_path/person_msgs
[1.644s] -- Up-to-date: /home/motoki/ros2_ws/install/person_msgs/share/person_msgs/environment/ament_prefix_path.sh
[1.644s] -- Up-to-date: /home/motoki/ros2_ws/install/person_msgs/share/person_msgs/environment/ament_prefix_path.dsv
[1.644s] -- Up-to-date: /home/motoki/ros2_ws/install/person_msgs/share/person_msgs/environment/path.sh
[1.644s] -- Up-to-date: /home/motoki/ros2_ws/install/person_msgs/share/person_msgs/environment/path.dsv
[1.644s] -- Up-to-date: /home/motoki/ros2_ws/install/person_msgs/share/person_msgs/local_setup.bash
[1.644s] -- Up-to-date: /home/motoki/ros2_ws/install/person_msgs/share/person_msgs/local_setup.sh
[1.644s] -- Up-to-date: /home/motoki/ros2_ws/install/person_msgs/share/person_msgs/local_setup.zsh
[1.644s] -- Up-to-date: /home/motoki/ros2_ws/install/person_msgs/share/person_msgs/local_setup.dsv
[1.644s] -- Up-to-date: /home/motoki/ros2_ws/install/person_msgs/share/person_msgs/package.dsv
[1.644s] -- Up-to-date: /home/motoki/ros2_ws/install/person_msgs/share/ament_index/resource_index/packages/person_msgs
[1.644s] -- Up-to-date: /home/motoki/ros2_ws/install/person_msgs/share/person_msgs/cmake/export_person_msgs__rosidl_generator_cExport.cmake
[1.644s] -- Up-to-date: /home/motoki/ros2_ws/install/person_msgs/share/person_msgs/cmake/export_person_msgs__rosidl_generator_cExport-noconfig.cmake
[1.644s] -- Up-to-date: /home/motoki/ros2_ws/install/person_msgs/share/person_msgs/cmake/export_person_msgs__rosidl_typesupport_fastrtps_cExport.cmake
[1.644s] -- Up-to-date: /home/motoki/ros2_ws/install/person_msgs/share/person_msgs/cmake/export_person_msgs__rosidl_typesupport_fastrtps_cExport-noconfig.cmake
[1.644s] -- Up-to-date: /home/motoki/ros2_ws/install/person_msgs/share/person_msgs/cmake/person_msgs__rosidl_typesupport_introspection_cExport.cmake
[1.644s] -- Up-to-date: /home/motoki/ros2_ws/install/person_msgs/share/person_msgs/cmake/person_msgs__rosidl_typesupport_introspection_cExport-noconfig.cmake
[1.645s] -- Up-to-date: /home/motoki/ros2_ws/install/person_msgs/share/person_msgs/cmake/person_msgs__rosidl_typesupport_cExport.cmake
[1.645s] -- Up-to-date: /home/motoki/ros2_ws/install/person_msgs/share/person_msgs/cmake/person_msgs__rosidl_typesupport_cExport-noconfig.cmake
[1.645s] -- Up-to-date: /home/motoki/ros2_ws/install/person_msgs/share/person_msgs/cmake/export_person_msgs__rosidl_generator_cppExport.cmake
[1.645s] -- Up-to-date: /home/motoki/ros2_ws/install/person_msgs/share/person_msgs/cmake/export_person_msgs__rosidl_typesupport_fastrtps_cppExport.cmake
[1.645s] -- Up-to-date: /home/motoki/ros2_ws/install/person_msgs/share/person_msgs/cmake/export_person_msgs__rosidl_typesupport_fastrtps_cppExport-noconfig.cmake
[1.645s] -- Up-to-date: /home/motoki/ros2_ws/install/person_msgs/share/person_msgs/cmake/person_msgs__rosidl_typesupport_introspection_cppExport.cmake
[1.645s] -- Up-to-date: /home/motoki/ros2_ws/install/person_msgs/share/person_msgs/cmake/person_msgs__rosidl_typesupport_introspection_cppExport-noconfig.cmake
[1.645s] -- Up-to-date: /home/motoki/ros2_ws/install/person_msgs/share/person_msgs/cmake/person_msgs__rosidl_typesupport_cppExport.cmake
[1.645s] -- Up-to-date: /home/motoki/ros2_ws/install/person_msgs/share/person_msgs/cmake/person_msgs__rosidl_typesupport_cppExport-noconfig.cmake
[1.645s] -- Up-to-date: /home/motoki/ros2_ws/install/person_msgs/share/person_msgs/cmake/export_person_msgs__rosidl_generator_pyExport.cmake
[1.645s] -- Up-to-date: /home/motoki/ros2_ws/install/person_msgs/share/person_msgs/cmake/export_person_msgs__rosidl_generator_pyExport-noconfig.cmake
[1.645s] -- Up-to-date: /home/motoki/ros2_ws/install/person_msgs/share/person_msgs/cmake/rosidl_cmake-extras.cmake
[1.645s] -- Up-to-date: /home/motoki/ros2_ws/install/person_msgs/share/person_msgs/cmake/ament_cmake_export_include_directories-extras.cmake
[1.645s] -- Up-to-date: /home/motoki/ros2_ws/install/person_msgs/share/person_msgs/cmake/ament_cmake_export_libraries-extras.cmake
[1.645s] -- Up-to-date: /home/motoki/ros2_ws/install/person_msgs/share/person_msgs/cmake/ament_cmake_export_targets-extras.cmake
[1.646s] -- Up-to-date: /home/motoki/ros2_ws/install/person_msgs/share/person_msgs/cmake/rosidl_cmake_export_typesupport_targets-extras.cmake
[1.646s] -- Up-to-date: /home/motoki/ros2_ws/install/person_msgs/share/person_msgs/cmake/ament_cmake_export_dependencies-extras.cmake
[1.646s] -- Up-to-date: /home/motoki/ros2_ws/install/person_msgs/share/person_msgs/cmake/rosidl_cmake_export_typesupport_libraries-extras.cmake
[1.646s] -- Up-to-date: /home/motoki/ros2_ws/install/person_msgs/share/person_msgs/cmake/person_msgsConfig.cmake
[1.646s] -- Up-to-date: /home/motoki/ros2_ws/install/person_msgs/share/person_msgs/cmake/person_msgsConfig-version.cmake
[1.646s] -- Up-to-date: /home/motoki/ros2_ws/install/person_msgs/share/person_msgs/package.xml
[1.648s] Invoked command in '/home/motoki/ros2_ws/build/person_msgs' returned '0': CMAKE_PREFIX_PATH=${CMAKE_PREFIX_PATH}:/home/motoki/ros2_ws/install/mypkg:/opt/ros/humble /usr/bin/cmake --install /home/motoki/ros2_ws/build/person_msgs
