[0.644s] DEBUG:colcon:Command line arguments: ['/usr/bin/colcon', 'build']
[0.645s] DEBUG:colcon:Parsed command line arguments: Namespace(log_base=None, log_level=None, verb_name='build', build_base='build', install_base='install', merge_install=False, symlink_install=False, test_result_base=None, continue_on_error=False, executor='parallel', parallel_workers=12, event_handlers=None, ignore_user_meta=False, metas=['./colcon.meta'], base_paths=['.'], packages_ignore=None, packages_ignore_regex=None, paths=None, packages_up_to=None, packages_up_to_regex=None, packages_above=None, packages_above_and_dependencies=None, packages_above_depth=None, packages_select_by_dep=None, packages_skip_by_dep=None, packages_skip_up_to=None, packages_select_build_failed=False, packages_skip_build_finished=False, packages_select_test_failures=False, packages_skip_test_passed=False, packages_select=None, packages_skip=None, packages_select_regex=None, packages_skip_regex=None, packages_start=None, packages_end=None, allow_overriding=[], cmake_args=None, cmake_target=None, cmake_target_skip_unavailable=False, cmake_clean_cache=False, cmake_clean_first=False, cmake_force_configure=False, ament_cmake_args=None, catkin_cmake_args=None, catkin_skip_building_tests=False, verb_parser=<colcon_defaults.argument_parser.defaults.DefaultArgumentsDecorator object at 0x7f11df39d990>, verb_extension=<colcon_core.verb.build.BuildVerb object at 0x7f11df32a4a0>, main=<bound method BuildVerb.main of <colcon_core.verb.build.BuildVerb object at 0x7f11df32a4a0>>)
[0.672s] Level 1:colcon.colcon_core.package_discovery:discover_packages(colcon_meta) check parameters
[0.672s] Level 1:colcon.colcon_core.package_discovery:discover_packages(recursive) check parameters
[0.673s] Level 1:colcon.colcon_core.package_discovery:discover_packages(ignore) check parameters
[0.673s] Level 1:colcon.colcon_core.package_discovery:discover_packages(path) check parameters
[0.673s] Level 1:colcon.colcon_core.package_discovery:discover_packages(colcon_meta) discover
[0.673s] Level 1:colcon.colcon_core.package_discovery:discover_packages(recursive) discover
[0.673s] INFO:colcon.colcon_core.package_discovery:Crawling recursively for packages in '/home/motoki/ros2_ws'
[0.673s] Level 1:colcon.colcon_core.package_identification:_identify(.) by extensions ['ignore', 'ignore_ament_install']
[0.673s] Level 1:colcon.colcon_core.package_identification:_identify(.) by extension 'ignore'
[0.673s] Level 1:colcon.colcon_core.package_identification:_identify(.) by extension 'ignore_ament_install'
[0.673s] Level 1:colcon.colcon_core.package_identification:_identify(.) by extensions ['colcon_pkg']
[0.673s] Level 1:colcon.colcon_core.package_identification:_identify(.) by extension 'colcon_pkg'
[0.673s] Level 1:colcon.colcon_core.package_identification:_identify(.) by extensions ['colcon_meta']
[0.673s] Level 1:colcon.colcon_core.package_identification:_identify(.) by extension 'colcon_meta'
[0.673s] Level 1:colcon.colcon_core.package_identification:_identify(.) by extensions ['ros']
[0.673s] Level 1:colcon.colcon_core.package_identification:_identify(.) by extension 'ros'
[0.681s] Level 1:colcon.colcon_core.package_identification:_identify(.) by extensions ['cmake', 'python']
[0.681s] Level 1:colcon.colcon_core.package_identification:_identify(.) by extension 'cmake'
[0.681s] Level 1:colcon.colcon_core.package_identification:_identify(.) by extension 'python'
[0.681s] Level 1:colcon.colcon_core.package_identification:_identify(.) by extensions ['python_setup_py']
[0.681s] Level 1:colcon.colcon_core.package_identification:_identify(.) by extension 'python_setup_py'
[0.681s] Level 1:colcon.colcon_core.package_identification:_identify(build) by extensions ['ignore', 'ignore_ament_install']
[0.682s] Level 1:colcon.colcon_core.package_identification:_identify(build) by extension 'ignore'
[0.682s] Level 1:colcon.colcon_core.package_identification:_identify(build) ignored
[0.682s] Level 1:colcon.colcon_core.package_identification:_identify(install) by extensions ['ignore', 'ignore_ament_install']
[0.682s] Level 1:colcon.colcon_core.package_identification:_identify(install) by extension 'ignore'
[0.682s] Level 1:colcon.colcon_core.package_identification:_identify(install) ignored
[0.682s] Level 1:colcon.colcon_core.package_identification:_identify(log) by extensions ['ignore', 'ignore_ament_install']
[0.682s] Level 1:colcon.colcon_core.package_identification:_identify(log) by extension 'ignore'
[0.682s] Level 1:colcon.colcon_core.package_identification:_identify(log) ignored
[0.682s] Level 1:colcon.colcon_core.package_identification:_identify(src) by extensions ['ignore', 'ignore_ament_install']
[0.682s] Level 1:colcon.colcon_core.package_identification:_identify(src) by extension 'ignore'
[0.682s] Level 1:colcon.colcon_core.package_identification:_identify(src) by extension 'ignore_ament_install'
[0.682s] Level 1:colcon.colcon_core.package_identification:_identify(src) by extensions ['colcon_pkg']
[0.682s] Level 1:colcon.colcon_core.package_identification:_identify(src) by extension 'colcon_pkg'
[0.682s] Level 1:colcon.colcon_core.package_identification:_identify(src) by extensions ['colcon_meta']
[0.682s] Level 1:colcon.colcon_core.package_identification:_identify(src) by extension 'colcon_meta'
[0.682s] Level 1:colcon.colcon_core.package_identification:_identify(src) by extensions ['ros']
[0.682s] Level 1:colcon.colcon_core.package_identification:_identify(src) by extension 'ros'
[0.682s] Level 1:colcon.colcon_core.package_identification:_identify(src) by extensions ['cmake', 'python']
[0.682s] Level 1:colcon.colcon_core.package_identification:_identify(src) by extension 'cmake'
[0.682s] Level 1:colcon.colcon_core.package_identification:_identify(src) by extension 'python'
[0.682s] Level 1:colcon.colcon_core.package_identification:_identify(src) by extensions ['python_setup_py']
[0.682s] Level 1:colcon.colcon_core.package_identification:_identify(src) by extension 'python_setup_py'
[0.682s] Level 1:colcon.colcon_core.package_identification:_identify(src/mypkg) by extensions ['ignore', 'ignore_ament_install']
[0.682s] Level 1:colcon.colcon_core.package_identification:_identify(src/mypkg) by extension 'ignore'
[0.682s] Level 1:colcon.colcon_core.package_identification:_identify(src/mypkg) by extension 'ignore_ament_install'
[0.682s] Level 1:colcon.colcon_core.package_identification:_identify(src/mypkg) by extensions ['colcon_pkg']
[0.682s] Level 1:colcon.colcon_core.package_identification:_identify(src/mypkg) by extension 'colcon_pkg'
[0.682s] Level 1:colcon.colcon_core.package_identification:_identify(src/mypkg) by extensions ['colcon_meta']
[0.682s] Level 1:colcon.colcon_core.package_identification:_identify(src/mypkg) by extension 'colcon_meta'
[0.682s] Level 1:colcon.colcon_core.package_identification:_identify(src/mypkg) by extensions ['ros']
[0.682s] Level 1:colcon.colcon_core.package_identification:_identify(src/mypkg) by extension 'ros'
[0.684s] DEBUG:colcon.colcon_core.package_identification:Package 'src/mypkg' with type 'ros.ament_python' and name 'mypkg'
[0.684s] Level 1:colcon.colcon_core.package_identification:_identify(src/person_msgs) by extensions ['ignore', 'ignore_ament_install']
[0.684s] Level 1:colcon.colcon_core.package_identification:_identify(src/person_msgs) by extension 'ignore'
[0.684s] Level 1:colcon.colcon_core.package_identification:_identify(src/person_msgs) by extension 'ignore_ament_install'
[0.684s] Level 1:colcon.colcon_core.package_identification:_identify(src/person_msgs) by extensions ['colcon_pkg']
[0.684s] Level 1:colcon.colcon_core.package_identification:_identify(src/person_msgs) by extension 'colcon_pkg'
[0.684s] Level 1:colcon.colcon_core.package_identification:_identify(src/person_msgs) by extensions ['colcon_meta']
[0.684s] Level 1:colcon.colcon_core.package_identification:_identify(src/person_msgs) by extension 'colcon_meta'
[0.684s] Level 1:colcon.colcon_core.package_identification:_identify(src/person_msgs) by extensions ['ros']
[0.684s] Level 1:colcon.colcon_core.package_identification:_identify(src/person_msgs) by extension 'ros'
[0.685s] DEBUG:colcon.colcon_core.package_identification:Package 'src/person_msgs' with type 'ros.ament_cmake' and name 'person_msgs'
[0.685s] Level 1:colcon.colcon_core.package_discovery:discover_packages(recursive) using defaults
[0.685s] Level 1:colcon.colcon_core.package_discovery:discover_packages(ignore) discover
[0.685s] Level 1:colcon.colcon_core.package_discovery:discover_packages(ignore) using defaults
[0.685s] Level 1:colcon.colcon_core.package_discovery:discover_packages(path) discover
[0.685s] Level 1:colcon.colcon_core.package_discovery:discover_packages(path) using defaults
[0.737s] Level 1:colcon.colcon_core.package_discovery:discover_packages(prefix_path) check parameters
[0.737s] Level 1:colcon.colcon_core.package_discovery:discover_packages(prefix_path) discover
[0.752s] DEBUG:colcon.colcon_installed_package_information.package_discovery:Found 2 installed packages in /home/motoki/ros2_ws/install
[0.761s] DEBUG:colcon.colcon_installed_package_information.package_discovery:Found 270 installed packages in /opt/ros/humble
[0.762s] Level 1:colcon.colcon_core.package_discovery:discover_packages(prefix_path) using defaults
[0.816s] Level 5:colcon.colcon_core.verb:set package 'mypkg' build argument 'cmake_args' from command line to 'None'
[0.816s] Level 5:colcon.colcon_core.verb:set package 'mypkg' build argument 'cmake_target' from command line to 'None'
[0.816s] Level 5:colcon.colcon_core.verb:set package 'mypkg' build argument 'cmake_target_skip_unavailable' from command line to 'False'
[0.817s] Level 5:colcon.colcon_core.verb:set package 'mypkg' build argument 'cmake_clean_cache' from command line to 'False'
[0.817s] Level 5:colcon.colcon_core.verb:set package 'mypkg' build argument 'cmake_clean_first' from command line to 'False'
[0.817s] Level 5:colcon.colcon_core.verb:set package 'mypkg' build argument 'cmake_force_configure' from command line to 'False'
[0.817s] Level 5:colcon.colcon_core.verb:set package 'mypkg' build argument 'ament_cmake_args' from command line to 'None'
[0.817s] Level 5:colcon.colcon_core.verb:set package 'mypkg' build argument 'catkin_cmake_args' from command line to 'None'
[0.817s] Level 5:colcon.colcon_core.verb:set package 'mypkg' build argument 'catkin_skip_building_tests' from command line to 'False'
[0.817s] DEBUG:colcon.colcon_core.verb:Building package 'mypkg' with the following arguments: {'ament_cmake_args': None, 'build_base': '/home/motoki/ros2_ws/build/mypkg', 'catkin_cmake_args': None, 'catkin_skip_building_tests': False, 'cmake_args': None, 'cmake_clean_cache': False, 'cmake_clean_first': False, 'cmake_force_configure': False, 'cmake_target': None, 'cmake_target_skip_unavailable': False, 'install_base': '/home/motoki/ros2_ws/install/mypkg', 'merge_install': False, 'path': '/home/motoki/ros2_ws/src/mypkg', 'symlink_install': False, 'test_result_base': None}
[0.825s] Level 5:colcon.colcon_core.verb:set package 'person_msgs' build argument 'cmake_args' from command line to 'None'
[0.825s] Level 5:colcon.colcon_core.verb:set package 'person_msgs' build argument 'cmake_target' from command line to 'None'
[0.825s] Level 5:colcon.colcon_core.verb:set package 'person_msgs' build argument 'cmake_target_skip_unavailable' from command line to 'False'
[0.825s] Level 5:colcon.colcon_core.verb:set package 'person_msgs' build argument 'cmake_clean_cache' from command line to 'False'
[0.825s] Level 5:colcon.colcon_core.verb:set package 'person_msgs' build argument 'cmake_clean_first' from command line to 'False'
[0.825s] Level 5:colcon.colcon_core.verb:set package 'person_msgs' build argument 'cmake_force_configure' from command line to 'False'
[0.825s] Level 5:colcon.colcon_core.verb:set package 'person_msgs' build argument 'ament_cmake_args' from command line to 'None'
[0.825s] Level 5:colcon.colcon_core.verb:set package 'person_msgs' build argument 'catkin_cmake_args' from command line to 'None'
[0.825s] Level 5:colcon.colcon_core.verb:set package 'person_msgs' build argument 'catkin_skip_building_tests' from command line to 'False'
[0.825s] DEBUG:colcon.colcon_core.verb:Building package 'person_msgs' with the following arguments: {'ament_cmake_args': None, 'build_base': '/home/motoki/ros2_ws/build/person_msgs', 'catkin_cmake_args': None, 'catkin_skip_building_tests': False, 'cmake_args': None, 'cmake_clean_cache': False, 'cmake_clean_first': False, 'cmake_force_configure': False, 'cmake_target': None, 'cmake_target_skip_unavailable': False, 'install_base': '/home/motoki/ros2_ws/install/person_msgs', 'merge_install': False, 'path': '/home/motoki/ros2_ws/src/person_msgs', 'symlink_install': False, 'test_result_base': None}
[0.832s] INFO:colcon.colcon_core.executor:Executing jobs using 'parallel' executor
[0.840s] DEBUG:colcon.colcon_parallel_executor.executor.parallel:run_until_complete
[0.841s] INFO:colcon.colcon_ros.task.ament_python.build:Building ROS package in '/home/motoki/ros2_ws/src/mypkg' with build type 'ament_python'
[0.841s] Level 1:colcon.colcon_core.shell:create_environment_hook('mypkg', 'ament_prefix_path')
[0.851s] INFO:colcon.colcon_core.plugin_system:Skipping extension 'colcon_core.shell.bat': Not used on non-Windows systems
[0.851s] INFO:colcon.colcon_core.shell:Creating environment hook '/home/motoki/ros2_ws/install/mypkg/share/mypkg/hook/ament_prefix_path.ps1'
[0.851s] INFO:colcon.colcon_core.shell:Creating environment descriptor '/home/motoki/ros2_ws/install/mypkg/share/mypkg/hook/ament_prefix_path.dsv'
[0.852s] INFO:colcon.colcon_core.shell:Creating environment hook '/home/motoki/ros2_ws/install/mypkg/share/mypkg/hook/ament_prefix_path.sh'
[0.860s] INFO:colcon.colcon_core.shell:Skip shell extension 'powershell' for command environment: Not usable outside of PowerShell
[0.860s] DEBUG:colcon.colcon_core.shell:Skip shell extension 'dsv' for command environment
[0.885s] INFO:colcon.colcon_ros.task.ament_cmake.build:Building ROS package in '/home/motoki/ros2_ws/src/person_msgs' with build type 'ament_cmake'
[0.885s] INFO:colcon.colcon_cmake.task.cmake.build:Building CMake package in '/home/motoki/ros2_ws/src/person_msgs'
[0.895s] INFO:colcon.colcon_core.shell:Skip shell extension 'powershell' for command environment: Not usable outside of PowerShell
[0.895s] DEBUG:colcon.colcon_core.shell:Skip shell extension 'dsv' for command environment
[1.084s] INFO:colcon.colcon_core.task.python.build:Building Python package in '/home/motoki/ros2_ws/src/mypkg'
[1.092s] INFO:colcon.colcon_core.shell:Skip shell extension 'powershell' for command environment: Not usable outside of PowerShell
[1.092s] DEBUG:colcon.colcon_core.shell:Skip shell extension 'dsv' for command environment
[1.121s] DEBUG:colcon.colcon_core.event_handler.log_command:Invoking command in '/home/motoki/ros2_ws/build/person_msgs': CMAKE_PREFIX_PATH=${CMAKE_PREFIX_PATH}:/home/motoki/ros2_ws/install/mypkg:/opt/ros/humble /usr/bin/cmake --build /home/motoki/ros2_ws/build/person_msgs -- -j12 -l12
[1.391s] DEBUG:colcon.colcon_core.event_handler.log_command:Invoking command in '/home/motoki/ros2_ws/src/mypkg': PYTHONPATH=/home/motoki/ros2_ws/build/mypkg/prefix_override:/home/motoki/ros2_ws/install/mypkg/lib/python3.10/site-packages:${PYTHONPATH} /usr/bin/python3 setup.py egg_info --egg-base ../../build/mypkg build --build-base /home/motoki/ros2_ws/build/mypkg/build install --record /home/motoki/ros2_ws/build/mypkg/install.log --single-version-externally-managed
[1.398s] DEBUG:colcon.colcon_core.event_handler.log_command:Invoked command in '/home/motoki/ros2_ws/build/person_msgs' returned '0': CMAKE_PREFIX_PATH=${CMAKE_PREFIX_PATH}:/home/motoki/ros2_ws/install/mypkg:/opt/ros/humble /usr/bin/cmake --build /home/motoki/ros2_ws/build/person_msgs -- -j12 -l12
[1.455s] DEBUG:colcon.colcon_core.event_handler.log_command:Invoking command in '/home/motoki/ros2_ws/build/person_msgs': CMAKE_PREFIX_PATH=${CMAKE_PREFIX_PATH}:/home/motoki/ros2_ws/install/mypkg:/opt/ros/humble /usr/bin/cmake --install /home/motoki/ros2_ws/build/person_msgs
[1.500s] Level 1:colcon.colcon_core.environment:create_environment_scripts_only(person_msgs)
[1.500s] DEBUG:colcon.colcon_core.event_handler.log_command:Invoked command in '/home/motoki/ros2_ws/build/person_msgs' returned '0': CMAKE_PREFIX_PATH=${CMAKE_PREFIX_PATH}:/home/motoki/ros2_ws/install/mypkg:/opt/ros/humble /usr/bin/cmake --install /home/motoki/ros2_ws/build/person_msgs
[1.511s] Level 1:colcon.colcon_core.environment:checking '/home/motoki/ros2_ws/install/person_msgs' for CMake module files
[1.511s] Level 1:colcon.colcon_core.environment:checking '/home/motoki/ros2_ws/install/person_msgs' for CMake config files
[1.512s] Level 1:colcon.colcon_core.shell:create_environment_hook('person_msgs', 'cmake_prefix_path')
[1.520s] INFO:colcon.colcon_core.shell:Creating environment hook '/home/motoki/ros2_ws/install/person_msgs/share/person_msgs/hook/cmake_prefix_path.ps1'
[1.520s] INFO:colcon.colcon_core.shell:Creating environment descriptor '/home/motoki/ros2_ws/install/person_msgs/share/person_msgs/hook/cmake_prefix_path.dsv'
[1.520s] INFO:colcon.colcon_core.shell:Creating environment hook '/home/motoki/ros2_ws/install/person_msgs/share/person_msgs/hook/cmake_prefix_path.sh'
[1.521s] Level 1:colcon.colcon_core.environment:checking '/home/motoki/ros2_ws/install/person_msgs/lib'
[1.521s] Level 1:colcon.colcon_core.shell:create_environment_hook('person_msgs', 'ld_library_path_lib')
[1.531s] INFO:colcon.colcon_core.shell:Creating environment hook '/home/motoki/ros2_ws/install/person_msgs/share/person_msgs/hook/ld_library_path_lib.ps1'
[1.531s] INFO:colcon.colcon_core.shell:Creating environment descriptor '/home/motoki/ros2_ws/install/person_msgs/share/person_msgs/hook/ld_library_path_lib.dsv'
[1.531s] INFO:colcon.colcon_core.shell:Creating environment hook '/home/motoki/ros2_ws/install/person_msgs/share/person_msgs/hook/ld_library_path_lib.sh'
[1.531s] Level 1:colcon.colcon_core.environment:checking '/home/motoki/ros2_ws/install/person_msgs/bin'
[1.531s] Level 1:colcon.colcon_core.environment:checking '/home/motoki/ros2_ws/install/person_msgs/lib/pkgconfig/person_msgs.pc'
[1.532s] Level 1:colcon.colcon_core.environment:checking '/home/motoki/ros2_ws/install/person_msgs/lib/python3.10/site-packages'
[1.532s] Level 1:colcon.colcon_core.environment:checking '/home/motoki/ros2_ws/install/person_msgs/bin'
[1.541s] INFO:colcon.colcon_core.shell:Creating package script '/home/motoki/ros2_ws/install/person_msgs/share/person_msgs/package.ps1'
[1.542s] INFO:colcon.colcon_core.shell:Creating package descriptor '/home/motoki/ros2_ws/install/person_msgs/share/person_msgs/package.dsv'
[1.543s] INFO:colcon.colcon_core.shell:Creating package script '/home/motoki/ros2_ws/install/person_msgs/share/person_msgs/package.sh'
[1.543s] INFO:colcon.colcon_core.shell:Creating package script '/home/motoki/ros2_ws/install/person_msgs/share/person_msgs/package.bash'
[1.544s] INFO:colcon.colcon_core.shell:Creating package script '/home/motoki/ros2_ws/install/person_msgs/share/person_msgs/package.zsh'
[1.544s] Level 1:colcon.colcon_core.environment:create_file_with_runtime_dependencies(/home/motoki/ros2_ws/install/person_msgs/share/colcon-core/packages/person_msgs)
[1.595s] DEBUG:colcon.colcon_core.event_handler.log_command:Invoked command in '/home/motoki/ros2_ws/src/mypkg' returned '0': PYTHONPATH=/home/motoki/ros2_ws/build/mypkg/prefix_override:/home/motoki/ros2_ws/install/mypkg/lib/python3.10/site-packages:${PYTHONPATH} /usr/bin/python3 setup.py egg_info --egg-base ../../build/mypkg build --build-base /home/motoki/ros2_ws/build/mypkg/build install --record /home/motoki/ros2_ws/build/mypkg/install.log --single-version-externally-managed
[1.603s] Level 1:colcon.colcon_core.environment:checking '/home/motoki/ros2_ws/install/mypkg' for CMake module files
[1.603s] Level 1:colcon.colcon_core.environment:checking '/home/motoki/ros2_ws/install/mypkg' for CMake config files
[1.604s] Level 1:colcon.colcon_core.environment:checking '/home/motoki/ros2_ws/install/mypkg/lib'
[1.604s] Level 1:colcon.colcon_core.environment:checking '/home/motoki/ros2_ws/install/mypkg/bin'
[1.604s] Level 1:colcon.colcon_core.environment:checking '/home/motoki/ros2_ws/install/mypkg/lib/pkgconfig/mypkg.pc'
[1.604s] Level 1:colcon.colcon_core.environment:checking '/home/motoki/ros2_ws/install/mypkg/lib/python3.10/site-packages'
[1.604s] Level 1:colcon.colcon_core.shell:create_environment_hook('mypkg', 'pythonpath')
[1.613s] INFO:colcon.colcon_core.shell:Creating environment hook '/home/motoki/ros2_ws/install/mypkg/share/mypkg/hook/pythonpath.ps1'
[1.613s] INFO:colcon.colcon_core.shell:Creating environment descriptor '/home/motoki/ros2_ws/install/mypkg/share/mypkg/hook/pythonpath.dsv'
[1.613s] INFO:colcon.colcon_core.shell:Creating environment hook '/home/motoki/ros2_ws/install/mypkg/share/mypkg/hook/pythonpath.sh'
[1.614s] Level 1:colcon.colcon_core.environment:checking '/home/motoki/ros2_ws/install/mypkg/bin'
[1.614s] Level 1:colcon.colcon_core.environment:create_environment_scripts_only(mypkg)
[1.621s] INFO:colcon.colcon_core.shell:Creating package script '/home/motoki/ros2_ws/install/mypkg/share/mypkg/package.ps1'
[1.622s] INFO:colcon.colcon_core.shell:Creating package descriptor '/home/motoki/ros2_ws/install/mypkg/share/mypkg/package.dsv'
[1.622s] INFO:colcon.colcon_core.shell:Creating package script '/home/motoki/ros2_ws/install/mypkg/share/mypkg/package.sh'
[1.622s] INFO:colcon.colcon_core.shell:Creating package script '/home/motoki/ros2_ws/install/mypkg/share/mypkg/package.bash'
[1.623s] INFO:colcon.colcon_core.shell:Creating package script '/home/motoki/ros2_ws/install/mypkg/share/mypkg/package.zsh'
[1.623s] Level 1:colcon.colcon_core.environment:create_file_with_runtime_dependencies(/home/motoki/ros2_ws/install/mypkg/share/colcon-core/packages/mypkg)
[1.633s] Level 1:colcon.colcon_core.environment:create_environment_scripts_only(person_msgs)
[1.642s] Level 1:colcon.colcon_core.environment:checking '/home/motoki/ros2_ws/install/person_msgs' for CMake module files
[1.643s] Level 1:colcon.colcon_core.environment:checking '/home/motoki/ros2_ws/install/person_msgs' for CMake config files
[1.643s] Level 1:colcon.colcon_core.shell:create_environment_hook('person_msgs', 'cmake_prefix_path')
[1.652s] INFO:colcon.colcon_core.shell:Creating environment hook '/home/motoki/ros2_ws/install/person_msgs/share/person_msgs/hook/cmake_prefix_path.ps1'
[1.652s] INFO:colcon.colcon_core.shell:Creating environment descriptor '/home/motoki/ros2_ws/install/person_msgs/share/person_msgs/hook/cmake_prefix_path.dsv'
[1.652s] INFO:colcon.colcon_core.shell:Creating environment hook '/home/motoki/ros2_ws/install/person_msgs/share/person_msgs/hook/cmake_prefix_path.sh'
[1.652s] Level 1:colcon.colcon_core.environment:checking '/home/motoki/ros2_ws/install/person_msgs/lib'
[1.652s] Level 1:colcon.colcon_core.shell:create_environment_hook('person_msgs', 'ld_library_path_lib')
[1.661s] INFO:colcon.colcon_core.shell:Creating environment hook '/home/motoki/ros2_ws/install/person_msgs/share/person_msgs/hook/ld_library_path_lib.ps1'
[1.661s] INFO:colcon.colcon_core.shell:Creating environment descriptor '/home/motoki/ros2_ws/install/person_msgs/share/person_msgs/hook/ld_library_path_lib.dsv'
[1.662s] INFO:colcon.colcon_core.shell:Creating environment hook '/home/motoki/ros2_ws/install/person_msgs/share/person_msgs/hook/ld_library_path_lib.sh'
[1.662s] Level 1:colcon.colcon_core.environment:checking '/home/motoki/ros2_ws/install/person_msgs/bin'
[1.662s] Level 1:colcon.colcon_core.environment:checking '/home/motoki/ros2_ws/install/person_msgs/lib/pkgconfig/person_msgs.pc'
[1.662s] Level 1:colcon.colcon_core.environment:checking '/home/motoki/ros2_ws/install/person_msgs/lib/python3.10/site-packages'
[1.662s] Level 1:colcon.colcon_core.environment:checking '/home/motoki/ros2_ws/install/person_msgs/bin'
[1.670s] INFO:colcon.colcon_core.shell:Creating package script '/home/motoki/ros2_ws/install/person_msgs/share/person_msgs/package.ps1'
[1.670s] INFO:colcon.colcon_core.shell:Creating package descriptor '/home/motoki/ros2_ws/install/person_msgs/share/person_msgs/package.dsv'
[1.671s] INFO:colcon.colcon_core.shell:Creating package script '/home/motoki/ros2_ws/install/person_msgs/share/person_msgs/package.sh'
[1.671s] INFO:colcon.colcon_core.shell:Creating package script '/home/motoki/ros2_ws/install/person_msgs/share/person_msgs/package.bash'
[1.671s] INFO:colcon.colcon_core.shell:Creating package script '/home/motoki/ros2_ws/install/person_msgs/share/person_msgs/package.zsh'
[1.672s] Level 1:colcon.colcon_core.environment:create_file_with_runtime_dependencies(/home/motoki/ros2_ws/install/person_msgs/share/colcon-core/packages/person_msgs)
[1.672s] DEBUG:colcon.colcon_parallel_executor.executor.parallel:closing loop
[1.673s] DEBUG:colcon.colcon_parallel_executor.executor.parallel:loop closed
[1.673s] DEBUG:colcon.colcon_parallel_executor.executor.parallel:run_until_complete finished with '0'
[1.673s] DEBUG:colcon.colcon_core.event_reactor:joining thread
[1.730s] INFO:colcon.colcon_core.plugin_system:Skipping extension 'colcon_notification.desktop_notification.notify_send': Could not find 'notify-send'
[1.730s] INFO:colcon.colcon_core.plugin_system:Skipping extension 'colcon_notification.desktop_notification.terminal_notifier': Not used on non-Darwin systems
[1.730s] INFO:colcon.colcon_core.plugin_system:Skipping extension 'colcon_notification.desktop_notification.win32': Not used on non-Windows systems
[1.730s] INFO:colcon.colcon_notification.desktop_notification:Sending desktop notification using 'notify2'
[1.730s] DEBUG:colcon.colcon_notification.desktop_notification.notify2:Failed to initialize notify2: org.freedesktop.DBus.Error.FileNotFound: Failed to connect to socket /run/user/1000/bus: No such file or directory
[1.730s] DEBUG:colcon.colcon_core.event_reactor:joined thread
[1.748s] INFO:colcon.colcon_core.shell:Creating prefix script '/home/motoki/ros2_ws/install/local_setup.ps1'
[1.749s] INFO:colcon.colcon_core.shell:Creating prefix util module '/home/motoki/ros2_ws/install/_local_setup_util_ps1.py'
[1.750s] INFO:colcon.colcon_core.shell:Creating prefix chain script '/home/motoki/ros2_ws/install/setup.ps1'
[1.758s] INFO:colcon.colcon_core.shell:Creating prefix script '/home/motoki/ros2_ws/install/local_setup.sh'
[1.759s] INFO:colcon.colcon_core.shell:Creating prefix util module '/home/motoki/ros2_ws/install/_local_setup_util_sh.py'
[1.759s] INFO:colcon.colcon_core.shell:Creating prefix chain script '/home/motoki/ros2_ws/install/setup.sh'
[1.767s] INFO:colcon.colcon_core.shell:Creating prefix script '/home/motoki/ros2_ws/install/local_setup.bash'
[1.768s] INFO:colcon.colcon_core.shell:Creating prefix chain script '/home/motoki/ros2_ws/install/setup.bash'
[1.776s] INFO:colcon.colcon_core.shell:Creating prefix script '/home/motoki/ros2_ws/install/local_setup.zsh'
[1.777s] INFO:colcon.colcon_core.shell:Creating prefix chain script '/home/motoki/ros2_ws/install/setup.zsh'
